TpTrace Verbose: 0 : 3376, 1, 2024/03/13, 23:21:26.608, 6984758034562, vstest.console.dll, Version: 17.9.0-release-23627-01 Current process architecture: X64
TpTrace Verbose: 0 : 3376, 1, 2024/03/13, 23:21:26.611, 6984758061092, vstest.console.dll, Runtime location: C:\Program Files\dotnet\shared\Microsoft.NETCore.App\8.0.2
TpTrace Verbose: 0 : 3376, 1, 2024/03/13, 23:21:26.612, 6984758077861, vstest.console.dll, ArtifactProcessingPostProcessModeProcessorExecutor.Initialize: ArtifactProcessingMode.Collect
TpTrace Verbose: 0 : 3376, 1, 2024/03/13, 23:21:26.613, 6984758079265, vstest.console.dll, TestSessionCorrelationIdProcessorModeProcessorExecutor.Initialize: TestSessionCorrelationId '3456_385575c3-d64e-4253-bb59-2823cf0cf4fc'
TpTrace Information: 0 : 3376, 1, 2024/03/13, 23:21:26.621, 6984758166789, vstest.console.dll, FilePatternParser: The given file D:\Visual Studio Projects\BE Test Automation March 2024\08.03.24 Exercise API Testing with Csharp\RestSharpExercise\TestGitHubApi\bin\Debug\net6.0\fine-code-coverage\build-output\TestGitHubApi.dll is a full path.
TpTrace Verbose: 0 : 3376, 1, 2024/03/13, 23:21:26.625, 6984758205791, vstest.console.dll, TestPluginCache.DiscoverTestExtensions: finding test extensions in assemblies ends with: RuntimeProvider.dll TPluginInfo: Microsoft.VisualStudio.TestPlatform.Common.ExtensionFramework.Utilities.TestRuntimePluginInformation TExtension: Microsoft.VisualStudio.TestPlatform.ObjectModel.Host.ITestRuntimeProvider
TpTrace Verbose: 0 : 3376, 1, 2024/03/13, 23:21:26.626, 6984758209121, vstest.console.dll, TestPluginCache.GetExtensionPaths: Filtered extension paths: 
TpTrace Verbose: 0 : 3376, 1, 2024/03/13, 23:21:26.626, 6984758210024, vstest.console.dll, TestPluginCache.GetExtensionPaths: Added default extension paths: C:\Program Files\dotnet\sdk\8.0.200\Extensions\Microsoft.Diagnostics.NETCore.Client.dll
C:\Program Files\dotnet\sdk\8.0.200\Extensions\Microsoft.TestPlatform.Extensions.BlameDataCollector.dll
C:\Program Files\dotnet\sdk\8.0.200\Extensions\Microsoft.TestPlatform.Extensions.EventLogCollector.dll
C:\Program Files\dotnet\sdk\8.0.200\Extensions\Microsoft.TestPlatform.TestHostRuntimeProvider.dll
C:\Program Files\dotnet\sdk\8.0.200\Extensions\Microsoft.VisualStudio.TestPlatform.Extensions.Html.TestLogger.dll
C:\Program Files\dotnet\sdk\8.0.200\Extensions\Microsoft.VisualStudio.TestPlatform.Extensions.Trx.TestLogger.dll
TpTrace Verbose: 0 : 3376, 1, 2024/03/13, 23:21:26.626, 6984758210535, vstest.console.dll, TestPluginCache.GetExtensionPaths: Added unfilterableExtensionPaths: 
TpTrace Information: 0 : 3376, 1, 2024/03/13, 23:21:26.626, 6984758215833, vstest.console.dll, AssemblyResolver.ctor: Creating AssemblyResolver with searchDirectories C:\Program Files\dotnet\sdk\8.0.200\Extensions,C:\Program Files\dotnet\sdk\8.0.200
TpTrace Verbose: 0 : 3376, 1, 2024/03/13, 23:21:26.627, 6984758227364, vstest.console.dll, TestPluginCache.DiscoverTestExtensions: Discovering the extensions using extension path.
TpTrace Verbose: 0 : 3376, 1, 2024/03/13, 23:21:26.628, 6984758228819, vstest.console.dll, TestPluginCache.GetExtensionPaths: Filtered extension paths: 
TpTrace Verbose: 0 : 3376, 1, 2024/03/13, 23:21:26.628, 6984758229386, vstest.console.dll, TestPluginCache.GetExtensionPaths: Added default extension paths: C:\Program Files\dotnet\sdk\8.0.200\Extensions\Microsoft.Diagnostics.NETCore.Client.dll
C:\Program Files\dotnet\sdk\8.0.200\Extensions\Microsoft.TestPlatform.Extensions.BlameDataCollector.dll
C:\Program Files\dotnet\sdk\8.0.200\Extensions\Microsoft.TestPlatform.Extensions.EventLogCollector.dll
C:\Program Files\dotnet\sdk\8.0.200\Extensions\Microsoft.TestPlatform.TestHostRuntimeProvider.dll
C:\Program Files\dotnet\sdk\8.0.200\Extensions\Microsoft.VisualStudio.TestPlatform.Extensions.Html.TestLogger.dll
C:\Program Files\dotnet\sdk\8.0.200\Extensions\Microsoft.VisualStudio.TestPlatform.Extensions.Trx.TestLogger.dll
TpTrace Verbose: 0 : 3376, 1, 2024/03/13, 23:21:26.628, 6984758229772, vstest.console.dll, TestPluginCache.GetExtensionPaths: Added unfilterableExtensionPaths: 
TpTrace Verbose: 0 : 3376, 1, 2024/03/13, 23:21:26.628, 6984758230947, vstest.console.dll, TestPluginCache.DiscoverTestExtensions: Discovering the extensions using allExtensionPaths: C:\Program Files\dotnet\sdk\8.0.200\Extensions\Microsoft.Diagnostics.NETCore.Client.dll
C:\Program Files\dotnet\sdk\8.0.200\Extensions\Microsoft.TestPlatform.Extensions.BlameDataCollector.dll
C:\Program Files\dotnet\sdk\8.0.200\Extensions\Microsoft.TestPlatform.Extensions.EventLogCollector.dll
C:\Program Files\dotnet\sdk\8.0.200\Extensions\Microsoft.TestPlatform.TestHostRuntimeProvider.dll
C:\Program Files\dotnet\sdk\8.0.200\Extensions\Microsoft.VisualStudio.TestPlatform.Extensions.Html.TestLogger.dll
C:\Program Files\dotnet\sdk\8.0.200\Extensions\Microsoft.VisualStudio.TestPlatform.Extensions.Trx.TestLogger.dll
TpTrace Information: 0 : 3376, 1, 2024/03/13, 23:21:26.628, 6984758232035, vstest.console.dll, AssemblyResolver.AddSearchDirectories: Adding more searchDirectories C:\Program Files\dotnet\sdk\8.0.200\Extensions,C:\Program Files\dotnet\sdk\8.0.200
TpTrace Information: 0 : 3376, 1, 2024/03/13, 23:21:26.628, 6984758232739, vstest.console.dll, AssemblyResolver.AddSearchDirectories: Adding more searchDirectories C:\Program Files\dotnet\sdk\8.0.200\Extensions,C:\Program Files\dotnet\sdk\8.0.200
TpTrace Information: 0 : 3376, 1, 2024/03/13, 23:21:26.628, 6984758233242, vstest.console.dll, AssemblyResolver.AddSearchDirectories: Adding more searchDirectories C:\Program Files\dotnet\sdk\8.0.200\Extensions,C:\Program Files\dotnet\sdk\8.0.200
TpTrace Information: 0 : 3376, 1, 2024/03/13, 23:21:26.628, 6984758233660, vstest.console.dll, AssemblyResolver.AddSearchDirectories: Adding more searchDirectories C:\Program Files\dotnet\sdk\8.0.200\Extensions,C:\Program Files\dotnet\sdk\8.0.200
TpTrace Information: 0 : 3376, 1, 2024/03/13, 23:21:26.628, 6984758234050, vstest.console.dll, AssemblyResolver.AddSearchDirectories: Adding more searchDirectories C:\Program Files\dotnet\sdk\8.0.200\Extensions,C:\Program Files\dotnet\sdk\8.0.200
TpTrace Information: 0 : 3376, 1, 2024/03/13, 23:21:26.628, 6984758234486, vstest.console.dll, AssemblyResolver.AddSearchDirectories: Adding more searchDirectories C:\Program Files\dotnet\sdk\8.0.200\Extensions,C:\Program Files\dotnet\sdk\8.0.200
TpTrace Information: 0 : 3376, 1, 2024/03/13, 23:21:26.629, 6984758239486, vstest.console.dll, AssemblyResolver.OnResolve: Microsoft.Diagnostics.NETCore.Client: Resolving assembly.
TpTrace Information: 0 : 3376, 1, 2024/03/13, 23:21:26.629, 6984758240325, vstest.console.dll, AssemblyResolver.OnResolve: Microsoft.Diagnostics.NETCore.Client: Searching in: 'C:\Program Files\dotnet\sdk\8.0.200\Extensions'.
TpTrace Information: 0 : 3376, 1, 2024/03/13, 23:21:26.634, 6984758297854, vstest.console.dll, AssemblyResolver.OnResolve: Microsoft.Diagnostics.NETCore.Client: Loading assembly 'C:\Program Files\dotnet\sdk\8.0.200\Extensions\Microsoft.Diagnostics.NETCore.Client.dll'.
TpTrace Information: 0 : 3376, 1, 2024/03/13, 23:21:26.635, 6984758303558, vstest.console.dll, AssemblyResolver.OnResolve: Resolved assembly: Microsoft.Diagnostics.NETCore.Client, from path: C:\Program Files\dotnet\sdk\8.0.200\Extensions\Microsoft.Diagnostics.NETCore.Client.dll
TpTrace Verbose: 0 : 3376, 1, 2024/03/13, 23:21:26.639, 6984758345259, vstest.console.dll, MetadataReaderExtensionsHelper: Discovering extensions inside assembly 'Microsoft.Diagnostics.NETCore.Client, Version=0.2.9.2401, Culture=neutral, PublicKeyToken=31bf3856ad364e35' file path 'C:\Program Files\dotnet\sdk\8.0.200\Extensions\Microsoft.Diagnostics.NETCore.Client.dll'
TpTrace Information: 0 : 3376, 1, 2024/03/13, 23:21:26.643, 6984758381365, vstest.console.dll, AssemblyResolver.OnResolve: Microsoft.Bcl.AsyncInterfaces: Resolving assembly.
TpTrace Information: 0 : 3376, 1, 2024/03/13, 23:21:26.643, 6984758382442, vstest.console.dll, AssemblyResolver.OnResolve: Microsoft.Bcl.AsyncInterfaces: Searching in: 'C:\Program Files\dotnet\sdk\8.0.200\Extensions'.
TpTrace Information: 0 : 3376, 1, 2024/03/13, 23:21:26.643, 6984758383264, vstest.console.dll, AssemblyResolver.OnResolve: Microsoft.Bcl.AsyncInterfaces: Assembly path does not exist: 'C:\Program Files\dotnet\sdk\8.0.200\Extensions\Microsoft.Bcl.AsyncInterfaces.dll', returning.
TpTrace Information: 0 : 3376, 1, 2024/03/13, 23:21:26.643, 6984758384283, vstest.console.dll, AssemblyResolver.OnResolve: Microsoft.Bcl.AsyncInterfaces: Assembly path does not exist: 'C:\Program Files\dotnet\sdk\8.0.200\Extensions\Microsoft.Bcl.AsyncInterfaces.exe', returning.
TpTrace Information: 0 : 3376, 1, 2024/03/13, 23:21:26.643, 6984758384755, vstest.console.dll, AssemblyResolver.OnResolve: Microsoft.Bcl.AsyncInterfaces: Searching in: 'C:\Program Files\dotnet\sdk\8.0.200'.
TpTrace Information: 0 : 3376, 1, 2024/03/13, 23:21:26.643, 6984758385894, vstest.console.dll, AssemblyResolver.OnResolve: Microsoft.Bcl.AsyncInterfaces: Assembly path does not exist: 'C:\Program Files\dotnet\sdk\8.0.200\Microsoft.Bcl.AsyncInterfaces.dll', returning.
TpTrace Information: 0 : 3376, 1, 2024/03/13, 23:21:26.643, 6984758386495, vstest.console.dll, AssemblyResolver.OnResolve: Microsoft.Bcl.AsyncInterfaces: Assembly path does not exist: 'C:\Program Files\dotnet\sdk\8.0.200\Microsoft.Bcl.AsyncInterfaces.exe', returning.
TpTrace Information: 0 : 3376, 1, 2024/03/13, 23:21:26.643, 6984758386871, vstest.console.dll, AssemblyResolver.OnResolve: Microsoft.Bcl.AsyncInterfaces: Failed to load assembly.
TpTrace Verbose: 0 : 3376, 1, 2024/03/13, 23:21:26.643, 6984758387271, vstest.console.dll, CurrentDomainAssemblyResolve: Resolving assembly 'Microsoft.Bcl.AsyncInterfaces'.
TpTrace Information: 0 : 3376, 1, 2024/03/13, 23:21:26.643, 6984758388320, vstest.console.dll, AssemblyResolver.OnResolve: Microsoft.Bcl.AsyncInterfaces: Resolving assembly.
TpTrace Information: 0 : 3376, 1, 2024/03/13, 23:21:26.644, 6984758388781, vstest.console.dll, AssemblyResolver.OnResolve: Microsoft.Bcl.AsyncInterfaces: Resolved from cache.
TpTrace Verbose: 0 : 3376, 1, 2024/03/13, 23:21:26.644, 6984758389791, vstest.console.dll, CurrentDomainAssemblyResolve: Resolving assembly 'Microsoft.Bcl.AsyncInterfaces'.
TpTrace Verbose: 0 : 3376, 1, 2024/03/13, 23:21:26.644, 6984758390365, vstest.console.dll, CurrentDomainAssemblyResolve: Failed to resolve assembly 'Microsoft.Bcl.AsyncInterfaces'.
TpTrace Verbose: 0 : 3376, 1, 2024/03/13, 23:21:26.644, 6984758396662, vstest.console.dll, CurrentDomainAssemblyResolve: Failed to resolve assembly 'Microsoft.Bcl.AsyncInterfaces'.
TpTrace Warning: 0 : 3376, 1, 2024/03/13, 23:21:26.652, 6984758472611, vstest.console.dll, TestPluginDiscoverer: Failed to get types from assembly 'Microsoft.Diagnostics.NETCore.Client, Version=0.2.9.2401, Culture=neutral, PublicKeyToken=31bf3856ad364e35'. Error: System.Reflection.ReflectionTypeLoadException: Unable to load one or more of the requested types.
Could not load file or assembly 'Microsoft.Bcl.AsyncInterfaces, Version=6.0.0.0, Culture=neutral, PublicKeyToken=cc7b13ffcd2ddd51'. The system cannot find the file specified.
   at System.Reflection.RuntimeModule.GetTypes(RuntimeModule module)
   at System.Reflection.RuntimeModule.GetTypes()
   at Microsoft.VisualStudio.TestPlatform.Common.ExtensionFramework.TestPluginDiscoverer.GetTestExtensionsFromAssembly[TPluginInfo,TExtension](Assembly assembly, Dictionary`2 pluginInfos, String filePath) in /_/src/Microsoft.TestPlatform.Common/ExtensionFramework/TestPluginDiscoverer.cs:line 158
System.IO.FileNotFoundException: Could not load file or assembly 'Microsoft.Bcl.AsyncInterfaces, Version=6.0.0.0, Culture=neutral, PublicKeyToken=cc7b13ffcd2ddd51'. The system cannot find the file specified.
File name: 'Microsoft.Bcl.AsyncInterfaces, Version=6.0.0.0, Culture=neutral, PublicKeyToken=cc7b13ffcd2ddd51'
 ---> System.IO.FileNotFoundException: Could not load file or assembly 'Microsoft.Bcl.AsyncInterfaces, Culture=neutral, PublicKeyToken=null'. The system cannot find the file specified.
File name: 'Microsoft.Bcl.AsyncInterfaces, Culture=neutral, PublicKeyToken=null'
   at System.Reflection.RuntimeAssembly.InternalLoad(AssemblyName assemblyName, StackCrawlMark& stackMark, AssemblyLoadContext assemblyLoadContext, RuntimeAssembly requestingAssembly, Boolean throwOnFileNotFound)
   at System.Reflection.Assembly.Load(AssemblyName assemblyRef)
   at Microsoft.VisualStudio.TestPlatform.Common.ExtensionFramework.TestPluginCache.CurrentDomainAssemblyResolve(Object sender, AssemblyResolveEventArgs args) in /_/src/Microsoft.TestPlatform.Common/ExtensionFramework/TestPluginCache.cs:line 513
   at System.Runtime.Loader.AssemblyLoadContext.GetFirstResolvedAssemblyFromResolvingEvent(AssemblyName assemblyName)
   at System.Runtime.Loader.AssemblyLoadContext.ResolveUsingEvent(AssemblyName assemblyName)
   at System.Runtime.Loader.AssemblyLoadContext.ResolveUsingResolvingEvent(IntPtr gchManagedAssemblyLoadContext, AssemblyName assemblyName)
TpTrace Warning: 0 : 3376, 1, 2024/03/13, 23:21:26.652, 6984758476394, vstest.console.dll, LoaderExceptions: System.IO.FileNotFoundException: Could not load file or assembly 'Microsoft.Bcl.AsyncInterfaces, Version=6.0.0.0, Culture=neutral, PublicKeyToken=cc7b13ffcd2ddd51'. The system cannot find the file specified.
File name: 'Microsoft.Bcl.AsyncInterfaces, Version=6.0.0.0, Culture=neutral, PublicKeyToken=cc7b13ffcd2ddd51'
 ---> System.IO.FileNotFoundException: Could not load file or assembly 'Microsoft.Bcl.AsyncInterfaces, Culture=neutral, PublicKeyToken=null'. The system cannot find the file specified.
File name: 'Microsoft.Bcl.AsyncInterfaces, Culture=neutral, PublicKeyToken=null'
   at System.Reflection.RuntimeAssembly.InternalLoad(AssemblyName assemblyName, StackCrawlMark& stackMark, AssemblyLoadContext assemblyLoadContext, RuntimeAssembly requestingAssembly, Boolean throwOnFileNotFound)
   at System.Reflection.Assembly.Load(AssemblyName assemblyRef)
   at Microsoft.VisualStudio.TestPlatform.Common.ExtensionFramework.TestPluginCache.CurrentDomainAssemblyResolve(Object sender, AssemblyResolveEventArgs args) in /_/src/Microsoft.TestPlatform.Common/ExtensionFramework/TestPluginCache.cs:line 513
   at System.Runtime.Loader.AssemblyLoadContext.GetFirstResolvedAssemblyFromResolvingEvent(AssemblyName assemblyName)
   at System.Runtime.Loader.AssemblyLoadContext.ResolveUsingEvent(AssemblyName assemblyName)
   at System.Runtime.Loader.AssemblyLoadContext.ResolveUsingResolvingEvent(IntPtr gchManagedAssemblyLoadContext, AssemblyName assemblyName)
TpTrace Information: 0 : 3376, 1, 2024/03/13, 23:21:26.652, 6984758478168, vstest.console.dll, AssemblyResolver.OnResolve: Microsoft.TestPlatform.Extensions.BlameDataCollector: Resolving assembly.
TpTrace Information: 0 : 3376, 1, 2024/03/13, 23:21:26.653, 6984758478617, vstest.console.dll, AssemblyResolver.OnResolve: Microsoft.TestPlatform.Extensions.BlameDataCollector: Searching in: 'C:\Program Files\dotnet\sdk\8.0.200\Extensions'.
TpTrace Information: 0 : 3376, 1, 2024/03/13, 23:21:26.653, 6984758482205, vstest.console.dll, AssemblyResolver.OnResolve: Microsoft.TestPlatform.Extensions.BlameDataCollector: Loading assembly 'C:\Program Files\dotnet\sdk\8.0.200\Extensions\Microsoft.TestPlatform.Extensions.BlameDataCollector.dll'.
TpTrace Information: 0 : 3376, 1, 2024/03/13, 23:21:26.653, 6984758486611, vstest.console.dll, AssemblyResolver.OnResolve: Resolved assembly: Microsoft.TestPlatform.Extensions.BlameDataCollector, from path: C:\Program Files\dotnet\sdk\8.0.200\Extensions\Microsoft.TestPlatform.Extensions.BlameDataCollector.dll
TpTrace Verbose: 0 : 3376, 1, 2024/03/13, 23:21:26.653, 6984758487693, vstest.console.dll, MetadataReaderExtensionsHelper: Discovering extensions inside assembly 'Microsoft.TestPlatform.Extensions.BlameDataCollector, Version=15.0.0.0, Culture=neutral, PublicKeyToken=b03f5f7f11d50a3a' file path 'C:\Program Files\dotnet\sdk\8.0.200\Extensions\Microsoft.TestPlatform.Extensions.BlameDataCollector.dll'
TpTrace Information: 0 : 3376, 1, 2024/03/13, 23:21:26.654, 6984758498147, vstest.console.dll, AssemblyResolver.OnResolve: Microsoft.TestPlatform.Extensions.EventLogCollector: Resolving assembly.
TpTrace Information: 0 : 3376, 1, 2024/03/13, 23:21:26.655, 6984758498747, vstest.console.dll, AssemblyResolver.OnResolve: Microsoft.TestPlatform.Extensions.EventLogCollector: Searching in: 'C:\Program Files\dotnet\sdk\8.0.200\Extensions'.
TpTrace Information: 0 : 3376, 1, 2024/03/13, 23:21:26.655, 6984758502054, vstest.console.dll, AssemblyResolver.OnResolve: Microsoft.TestPlatform.Extensions.EventLogCollector: Loading assembly 'C:\Program Files\dotnet\sdk\8.0.200\Extensions\Microsoft.TestPlatform.Extensions.EventLogCollector.dll'.
TpTrace Information: 0 : 3376, 1, 2024/03/13, 23:21:26.655, 6984758505005, vstest.console.dll, AssemblyResolver.OnResolve: Resolved assembly: Microsoft.TestPlatform.Extensions.EventLogCollector, from path: C:\Program Files\dotnet\sdk\8.0.200\Extensions\Microsoft.TestPlatform.Extensions.EventLogCollector.dll
TpTrace Verbose: 0 : 3376, 1, 2024/03/13, 23:21:26.655, 6984758507037, vstest.console.dll, MetadataReaderExtensionsHelper: Discovering extensions inside assembly 'Microsoft.TestPlatform.Extensions.EventLogCollector, Version=15.0.0.0, Culture=neutral, PublicKeyToken=b03f5f7f11d50a3a' file path 'C:\Program Files\dotnet\sdk\8.0.200\Extensions\Microsoft.TestPlatform.Extensions.EventLogCollector.dll'
TpTrace Information: 0 : 3376, 1, 2024/03/13, 23:21:26.658, 6984758534293, vstest.console.dll, AssemblyResolver.OnResolve: Microsoft.TestPlatform.TestHostRuntimeProvider: Resolving assembly.
TpTrace Information: 0 : 3376, 1, 2024/03/13, 23:21:26.658, 6984758535907, vstest.console.dll, AssemblyResolver.OnResolve: Microsoft.TestPlatform.TestHostRuntimeProvider: Searching in: 'C:\Program Files\dotnet\sdk\8.0.200\Extensions'.
TpTrace Information: 0 : 3376, 1, 2024/03/13, 23:21:26.659, 6984758539689, vstest.console.dll, AssemblyResolver.OnResolve: Microsoft.TestPlatform.TestHostRuntimeProvider: Loading assembly 'C:\Program Files\dotnet\sdk\8.0.200\Extensions\Microsoft.TestPlatform.TestHostRuntimeProvider.dll'.
TpTrace Information: 0 : 3376, 1, 2024/03/13, 23:21:26.659, 6984758546090, vstest.console.dll, AssemblyResolver.OnResolve: Resolved assembly: Microsoft.TestPlatform.TestHostRuntimeProvider, from path: C:\Program Files\dotnet\sdk\8.0.200\Extensions\Microsoft.TestPlatform.TestHostRuntimeProvider.dll
TpTrace Verbose: 0 : 3376, 1, 2024/03/13, 23:21:26.659, 6984758547399, vstest.console.dll, MetadataReaderExtensionsHelper: Discovering extensions inside assembly 'Microsoft.TestPlatform.TestHostRuntimeProvider, Version=15.0.0.0, Culture=neutral, PublicKeyToken=b03f5f7f11d50a3a' file path 'C:\Program Files\dotnet\sdk\8.0.200\Extensions\Microsoft.TestPlatform.TestHostRuntimeProvider.dll'
TpTrace Information: 0 : 3376, 1, 2024/03/13, 23:21:26.661, 6984758560759, vstest.console.dll, GetTestExtensionFromType: Register extension with identifier data 'HostProvider://DefaultTestHost' and type 'Microsoft.VisualStudio.TestPlatform.CrossPlatEngine.Hosting.DefaultTestHostManager, Microsoft.TestPlatform.TestHostRuntimeProvider, Version=15.0.0.0, Culture=neutral, PublicKeyToken=b03f5f7f11d50a3a' inside file 'C:\Program Files\dotnet\sdk\8.0.200\Extensions\Microsoft.TestPlatform.TestHostRuntimeProvider.dll'
TpTrace Information: 0 : 3376, 1, 2024/03/13, 23:21:26.661, 6984758562977, vstest.console.dll, GetTestExtensionFromType: Register extension with identifier data 'HostProvider://DotnetTestHost' and type 'Microsoft.VisualStudio.TestPlatform.CrossPlatEngine.Hosting.DotnetTestHostManager, Microsoft.TestPlatform.TestHostRuntimeProvider, Version=15.0.0.0, Culture=neutral, PublicKeyToken=b03f5f7f11d50a3a' inside file 'C:\Program Files\dotnet\sdk\8.0.200\Extensions\Microsoft.TestPlatform.TestHostRuntimeProvider.dll'
TpTrace Information: 0 : 3376, 1, 2024/03/13, 23:21:26.661, 6984758563718, vstest.console.dll, AssemblyResolver.OnResolve: Microsoft.VisualStudio.TestPlatform.Extensions.Html.TestLogger: Resolving assembly.
TpTrace Information: 0 : 3376, 1, 2024/03/13, 23:21:26.661, 6984758564098, vstest.console.dll, AssemblyResolver.OnResolve: Microsoft.VisualStudio.TestPlatform.Extensions.Html.TestLogger: Searching in: 'C:\Program Files\dotnet\sdk\8.0.200\Extensions'.
TpTrace Information: 0 : 3376, 1, 2024/03/13, 23:21:26.661, 6984758566412, vstest.console.dll, AssemblyResolver.OnResolve: Microsoft.VisualStudio.TestPlatform.Extensions.Html.TestLogger: Loading assembly 'C:\Program Files\dotnet\sdk\8.0.200\Extensions\Microsoft.VisualStudio.TestPlatform.Extensions.Html.TestLogger.dll'.
TpTrace Information: 0 : 3376, 1, 2024/03/13, 23:21:26.662, 6984758570021, vstest.console.dll, AssemblyResolver.OnResolve: Resolved assembly: Microsoft.VisualStudio.TestPlatform.Extensions.Html.TestLogger, from path: C:\Program Files\dotnet\sdk\8.0.200\Extensions\Microsoft.VisualStudio.TestPlatform.Extensions.Html.TestLogger.dll
TpTrace Verbose: 0 : 3376, 1, 2024/03/13, 23:21:26.662, 6984758570668, vstest.console.dll, MetadataReaderExtensionsHelper: Discovering extensions inside assembly 'Microsoft.VisualStudio.TestPlatform.Extensions.Html.TestLogger, Version=15.0.0.0, Culture=neutral, PublicKeyToken=b03f5f7f11d50a3a' file path 'C:\Program Files\dotnet\sdk\8.0.200\Extensions\Microsoft.VisualStudio.TestPlatform.Extensions.Html.TestLogger.dll'
TpTrace Information: 0 : 3376, 1, 2024/03/13, 23:21:26.662, 6984758575982, vstest.console.dll, AssemblyResolver.OnResolve: Microsoft.VisualStudio.TestPlatform.Extensions.Trx.TestLogger: Resolving assembly.
TpTrace Information: 0 : 3376, 1, 2024/03/13, 23:21:26.662, 6984758576551, vstest.console.dll, AssemblyResolver.OnResolve: Microsoft.VisualStudio.TestPlatform.Extensions.Trx.TestLogger: Searching in: 'C:\Program Files\dotnet\sdk\8.0.200\Extensions'.
TpTrace Information: 0 : 3376, 1, 2024/03/13, 23:21:26.663, 6984758578487, vstest.console.dll, AssemblyResolver.OnResolve: Microsoft.VisualStudio.TestPlatform.Extensions.Trx.TestLogger: Loading assembly 'C:\Program Files\dotnet\sdk\8.0.200\Extensions\Microsoft.VisualStudio.TestPlatform.Extensions.Trx.TestLogger.dll'.
TpTrace Information: 0 : 3376, 1, 2024/03/13, 23:21:26.663, 6984758581820, vstest.console.dll, AssemblyResolver.OnResolve: Resolved assembly: Microsoft.VisualStudio.TestPlatform.Extensions.Trx.TestLogger, from path: C:\Program Files\dotnet\sdk\8.0.200\Extensions\Microsoft.VisualStudio.TestPlatform.Extensions.Trx.TestLogger.dll
TpTrace Verbose: 0 : 3376, 1, 2024/03/13, 23:21:26.663, 6984758582424, vstest.console.dll, MetadataReaderExtensionsHelper: Discovering extensions inside assembly 'Microsoft.VisualStudio.TestPlatform.Extensions.Trx.TestLogger, Version=15.0.0.0, Culture=neutral, PublicKeyToken=b03f5f7f11d50a3a' file path 'C:\Program Files\dotnet\sdk\8.0.200\Extensions\Microsoft.VisualStudio.TestPlatform.Extensions.Trx.TestLogger.dll'
TpTrace Verbose: 0 : 3376, 1, 2024/03/13, 23:21:26.664, 6984758589633, vstest.console.dll, TestPluginCache: Discovered the extensions using extension path ''.
TpTrace Verbose: 0 : 3376, 1, 2024/03/13, 23:21:26.664, 6984758590258, vstest.console.dll, TestPluginCache: Discoverers are ''.
TpTrace Verbose: 0 : 3376, 1, 2024/03/13, 23:21:26.664, 6984758590596, vstest.console.dll, TestPluginCache: Executors are ''.
TpTrace Verbose: 0 : 3376, 1, 2024/03/13, 23:21:26.664, 6984758590877, vstest.console.dll, TestPluginCache: Executors2 are ''.
TpTrace Verbose: 0 : 3376, 1, 2024/03/13, 23:21:26.664, 6984758591155, vstest.console.dll, TestPluginCache: Setting providers are ''.
TpTrace Verbose: 0 : 3376, 1, 2024/03/13, 23:21:26.664, 6984758591430, vstest.console.dll, TestPluginCache: Loggers are ''.
TpTrace Verbose: 0 : 3376, 1, 2024/03/13, 23:21:26.664, 6984758593177, vstest.console.dll, TestPluginCache: TestHosts are 'HostProvider://DefaultTestHost,HostProvider://DotnetTestHost'.
TpTrace Verbose: 0 : 3376, 1, 2024/03/13, 23:21:26.664, 6984758593591, vstest.console.dll, TestPluginCache: DataCollectors are ''.
TpTrace Information: 0 : 3376, 1, 2024/03/13, 23:21:26.675, 6984758701516, vstest.console.dll, RunTestsArgumentProcessor:Execute: Test run is starting.
TpTrace Verbose: 0 : 3376, 1, 2024/03/13, 23:21:26.675, 6984758703016, vstest.console.dll, RunTestsArgumentProcessor:Execute: Queuing Test run.
TpTrace Information: 0 : 3376, 1, 2024/03/13, 23:21:26.675, 6984758705716, vstest.console.dll, TestRequestManager.RunTests: run tests started.
TpTrace Information: 0 : 3376, 1, 2024/03/13, 23:21:26.683, 6984758786678, vstest.console.dll, AssemblyMetadataProvider.GetFrameworkName: Determined framework:'.NETCoreApp,Version=v6.0' for source: 'D:\Visual Studio Projects\BE Test Automation March 2024\08.03.24 Exercise API Testing with Csharp\RestSharpExercise\TestGitHubApi\bin\Debug\net6.0\fine-code-coverage\build-output\TestGitHubApi.dll'
TpTrace Information: 0 : 3376, 1, 2024/03/13, 23:21:26.684, 6984758789247, vstest.console.dll, Determined framework for all sources: .NETCoreApp,Version=v6.0
TpTrace Verbose: 0 : 3376, 1, 2024/03/13, 23:21:26.684, 6984758792386, vstest.console.dll, TestRequestManager.UpdateRunSettingsIfRequired: Default architecture: X64 IsDefaultTargetArchitecture: True, Current process architecture: X64 OperatingSystem: Windows.
TpTrace Information: 0 : 3376, 1, 2024/03/13, 23:21:26.685, 6984758805766, vstest.console.dll, AssemblyMetadataProvider.GetArchitecture: Determined architecture:AnyCPU info for assembly: D:\Visual Studio Projects\BE Test Automation March 2024\08.03.24 Exercise API Testing with Csharp\RestSharpExercise\TestGitHubApi\bin\Debug\net6.0\fine-code-coverage\build-output\TestGitHubApi.dll
TpTrace Information: 0 : 3376, 1, 2024/03/13, 23:21:26.685, 6984758806577, vstest.console.dll, Determined platform for source 'D:\Visual Studio Projects\BE Test Automation March 2024\08.03.24 Exercise API Testing with Csharp\RestSharpExercise\TestGitHubApi\bin\Debug\net6.0\fine-code-coverage\build-output\TestGitHubApi.dll' was AnyCPU and it will use the default plaform X64.
TpTrace Information: 0 : 3376, 1, 2024/03/13, 23:21:26.685, 6984758807088, vstest.console.dll, None of the sources provided any runnable platform, using the default platform: X64
TpTrace Information: 0 : 3376, 1, 2024/03/13, 23:21:26.685, 6984758808203, vstest.console.dll, Platform was updated to 'X64'.
TpTrace Information: 0 : 3376, 1, 2024/03/13, 23:21:26.688, 6984758835368, vstest.console.dll, InferRunSettingsHelper.IsTestSettingsEnabled: Unable to navigate to RunSettings/MSTest. Current node: RunSettings
TpTrace Information: 0 : 3376, 1, 2024/03/13, 23:21:26.689, 6984758841433, vstest.console.dll, AssemblyResolver.OnResolve: Microsoft.VisualStudio.TestPlatform.Fakes: Resolving assembly.
TpTrace Information: 0 : 3376, 1, 2024/03/13, 23:21:26.689, 6984758842318, vstest.console.dll, AssemblyResolver.OnResolve: Microsoft.VisualStudio.TestPlatform.Fakes: Searching in: 'C:\Program Files\dotnet\sdk\8.0.200\Extensions'.
TpTrace Information: 0 : 3376, 1, 2024/03/13, 23:21:26.689, 6984758843333, vstest.console.dll, AssemblyResolver.OnResolve: Microsoft.VisualStudio.TestPlatform.Fakes: Assembly path does not exist: 'C:\Program Files\dotnet\sdk\8.0.200\Extensions\Microsoft.VisualStudio.TestPlatform.Fakes.dll', returning.
TpTrace Information: 0 : 3376, 1, 2024/03/13, 23:21:26.689, 6984758844251, vstest.console.dll, AssemblyResolver.OnResolve: Microsoft.VisualStudio.TestPlatform.Fakes: Assembly path does not exist: 'C:\Program Files\dotnet\sdk\8.0.200\Extensions\Microsoft.VisualStudio.TestPlatform.Fakes.exe', returning.
TpTrace Information: 0 : 3376, 1, 2024/03/13, 23:21:26.689, 6984758844670, vstest.console.dll, AssemblyResolver.OnResolve: Microsoft.VisualStudio.TestPlatform.Fakes: Searching in: 'C:\Program Files\dotnet\sdk\8.0.200'.
TpTrace Information: 0 : 3376, 1, 2024/03/13, 23:21:26.689, 6984758845893, vstest.console.dll, AssemblyResolver.OnResolve: Microsoft.VisualStudio.TestPlatform.Fakes: Assembly path does not exist: 'C:\Program Files\dotnet\sdk\8.0.200\Microsoft.VisualStudio.TestPlatform.Fakes.dll', returning.
TpTrace Information: 0 : 3376, 1, 2024/03/13, 23:21:26.689, 6984758847010, vstest.console.dll, AssemblyResolver.OnResolve: Microsoft.VisualStudio.TestPlatform.Fakes: Assembly path does not exist: 'C:\Program Files\dotnet\sdk\8.0.200\Microsoft.VisualStudio.TestPlatform.Fakes.exe', returning.
TpTrace Information: 0 : 3376, 1, 2024/03/13, 23:21:26.689, 6984758847546, vstest.console.dll, AssemblyResolver.OnResolve: Microsoft.VisualStudio.TestPlatform.Fakes: Failed to load assembly.
TpTrace Information: 0 : 3376, 1, 2024/03/13, 23:21:26.690, 6984758850654, vstest.console.dll, Failed to load assembly Microsoft.VisualStudio.TestPlatform.Fakes, Version=17.0.0.0, Culture=neutral. Reason:System.IO.FileNotFoundException: Could not load file or assembly 'Microsoft.VisualStudio.TestPlatform.Fakes, Version=17.0.0.0, Culture=neutral, PublicKeyToken=null'. The system cannot find the file specified.
File name: 'Microsoft.VisualStudio.TestPlatform.Fakes, Version=17.0.0.0, Culture=neutral, PublicKeyToken=null'
   at System.Reflection.RuntimeAssembly.InternalLoad(AssemblyName assemblyName, StackCrawlMark& stackMark, AssemblyLoadContext assemblyLoadContext, RuntimeAssembly requestingAssembly, Boolean throwOnFileNotFound)
   at System.Reflection.Assembly.Load(AssemblyName assemblyRef)
   at Microsoft.VisualStudio.TestPlatform.Common.Utilities.FakesUtilities.LoadTestPlatformAssembly() in /_/src/Microsoft.TestPlatform.Common/Utilities/FakesUtilities.cs:line 272
TpTrace Verbose: 0 : 3376, 1, 2024/03/13, 23:21:26.693, 6984758878975, vstest.console.dll, TestPluginCache.DiscoverTestExtensions: finding test extensions in assemblies ends with: TestLogger.dll TPluginInfo: Microsoft.VisualStudio.TestPlatform.Common.ExtensionFramework.Utilities.TestLoggerPluginInformation TExtension: Microsoft.VisualStudio.TestPlatform.ObjectModel.Client.ITestLogger
TpTrace Verbose: 0 : 3376, 1, 2024/03/13, 23:21:26.693, 6984758880438, vstest.console.dll, TestPluginCache.GetExtensionPaths: Filtered extension paths: 
TpTrace Verbose: 0 : 3376, 1, 2024/03/13, 23:21:26.693, 6984758881312, vstest.console.dll, TestPluginCache.GetExtensionPaths: Added default extension paths: C:\Program Files\dotnet\sdk\8.0.200\Extensions\Microsoft.Diagnostics.NETCore.Client.dll
C:\Program Files\dotnet\sdk\8.0.200\Extensions\Microsoft.TestPlatform.Extensions.BlameDataCollector.dll
C:\Program Files\dotnet\sdk\8.0.200\Extensions\Microsoft.TestPlatform.Extensions.EventLogCollector.dll
C:\Program Files\dotnet\sdk\8.0.200\Extensions\Microsoft.TestPlatform.TestHostRuntimeProvider.dll
C:\Program Files\dotnet\sdk\8.0.200\Extensions\Microsoft.VisualStudio.TestPlatform.Extensions.Html.TestLogger.dll
C:\Program Files\dotnet\sdk\8.0.200\Extensions\Microsoft.VisualStudio.TestPlatform.Extensions.Trx.TestLogger.dll
TpTrace Verbose: 0 : 3376, 1, 2024/03/13, 23:21:26.693, 6984758881775, vstest.console.dll, TestPluginCache.GetExtensionPaths: Added unfilterableExtensionPaths: 
TpTrace Information: 0 : 3376, 1, 2024/03/13, 23:21:26.693, 6984758883289, vstest.console.dll, AssemblyResolver.AddSearchDirectories: Adding more searchDirectories C:\Program Files\dotnet\sdk\8.0.200\Extensions,C:\Program Files\dotnet\sdk\8.0.200
TpTrace Verbose: 0 : 3376, 1, 2024/03/13, 23:21:26.693, 6984758883764, vstest.console.dll, TestPluginCache.DiscoverTestExtensions: Discovering the extensions using extension path.
TpTrace Verbose: 0 : 3376, 1, 2024/03/13, 23:21:26.693, 6984758884139, vstest.console.dll, TestPluginCache.GetExtensionPaths: Filtered extension paths: 
TpTrace Verbose: 0 : 3376, 1, 2024/03/13, 23:21:26.693, 6984758884495, vstest.console.dll, TestPluginCache.GetExtensionPaths: Added default extension paths: C:\Program Files\dotnet\sdk\8.0.200\Extensions\Microsoft.Diagnostics.NETCore.Client.dll
C:\Program Files\dotnet\sdk\8.0.200\Extensions\Microsoft.TestPlatform.Extensions.BlameDataCollector.dll
C:\Program Files\dotnet\sdk\8.0.200\Extensions\Microsoft.TestPlatform.Extensions.EventLogCollector.dll
C:\Program Files\dotnet\sdk\8.0.200\Extensions\Microsoft.TestPlatform.TestHostRuntimeProvider.dll
C:\Program Files\dotnet\sdk\8.0.200\Extensions\Microsoft.VisualStudio.TestPlatform.Extensions.Html.TestLogger.dll
C:\Program Files\dotnet\sdk\8.0.200\Extensions\Microsoft.VisualStudio.TestPlatform.Extensions.Trx.TestLogger.dll
TpTrace Verbose: 0 : 3376, 1, 2024/03/13, 23:21:26.693, 6984758884810, vstest.console.dll, TestPluginCache.GetExtensionPaths: Added unfilterableExtensionPaths: 
TpTrace Verbose: 0 : 3376, 1, 2024/03/13, 23:21:26.693, 6984758885753, vstest.console.dll, TestPluginCache.DiscoverTestExtensions: Discovering the extensions using allExtensionPaths: C:\Program Files\dotnet\sdk\8.0.200\Extensions\Microsoft.Diagnostics.NETCore.Client.dll
C:\Program Files\dotnet\sdk\8.0.200\Extensions\Microsoft.TestPlatform.Extensions.BlameDataCollector.dll
C:\Program Files\dotnet\sdk\8.0.200\Extensions\Microsoft.TestPlatform.Extensions.EventLogCollector.dll
C:\Program Files\dotnet\sdk\8.0.200\Extensions\Microsoft.TestPlatform.TestHostRuntimeProvider.dll
C:\Program Files\dotnet\sdk\8.0.200\Extensions\Microsoft.VisualStudio.TestPlatform.Extensions.Html.TestLogger.dll
C:\Program Files\dotnet\sdk\8.0.200\Extensions\Microsoft.VisualStudio.TestPlatform.Extensions.Trx.TestLogger.dll
TpTrace Information: 0 : 3376, 1, 2024/03/13, 23:21:26.693, 6984758886274, vstest.console.dll, AssemblyResolver.AddSearchDirectories: Adding more searchDirectories C:\Program Files\dotnet\sdk\8.0.200\Extensions,C:\Program Files\dotnet\sdk\8.0.200
TpTrace Information: 0 : 3376, 1, 2024/03/13, 23:21:26.693, 6984758886676, vstest.console.dll, AssemblyResolver.AddSearchDirectories: Adding more searchDirectories C:\Program Files\dotnet\sdk\8.0.200\Extensions,C:\Program Files\dotnet\sdk\8.0.200
TpTrace Information: 0 : 3376, 1, 2024/03/13, 23:21:26.693, 6984758887033, vstest.console.dll, AssemblyResolver.AddSearchDirectories: Adding more searchDirectories C:\Program Files\dotnet\sdk\8.0.200\Extensions,C:\Program Files\dotnet\sdk\8.0.200
TpTrace Information: 0 : 3376, 1, 2024/03/13, 23:21:26.693, 6984758887368, vstest.console.dll, AssemblyResolver.AddSearchDirectories: Adding more searchDirectories C:\Program Files\dotnet\sdk\8.0.200\Extensions,C:\Program Files\dotnet\sdk\8.0.200
TpTrace Information: 0 : 3376, 1, 2024/03/13, 23:21:26.693, 6984758887759, vstest.console.dll, AssemblyResolver.AddSearchDirectories: Adding more searchDirectories C:\Program Files\dotnet\sdk\8.0.200\Extensions,C:\Program Files\dotnet\sdk\8.0.200
TpTrace Information: 0 : 3376, 1, 2024/03/13, 23:21:26.693, 6984758888106, vstest.console.dll, AssemblyResolver.AddSearchDirectories: Adding more searchDirectories C:\Program Files\dotnet\sdk\8.0.200\Extensions,C:\Program Files\dotnet\sdk\8.0.200
TpTrace Verbose: 0 : 3376, 1, 2024/03/13, 23:21:26.694, 6984758889172, vstest.console.dll, MetadataReaderExtensionsHelper: Discovering extensions inside assembly 'Microsoft.Diagnostics.NETCore.Client, Version=0.2.9.2401, Culture=neutral, PublicKeyToken=31bf3856ad364e35' file path 'C:\Program Files\dotnet\sdk\8.0.200\Extensions\Microsoft.Diagnostics.NETCore.Client.dll'
TpTrace Information: 0 : 3376, 1, 2024/03/13, 23:21:26.694, 6984758895981, vstest.console.dll, AssemblyResolver.OnResolve: Microsoft.Bcl.AsyncInterfaces: Resolving assembly.
TpTrace Information: 0 : 3376, 1, 2024/03/13, 23:21:26.694, 6984758896544, vstest.console.dll, AssemblyResolver.OnResolve: Microsoft.Bcl.AsyncInterfaces: Resolved from cache.
TpTrace Verbose: 0 : 3376, 1, 2024/03/13, 23:21:26.694, 6984758896884, vstest.console.dll, CurrentDomainAssemblyResolve: Resolving assembly 'Microsoft.Bcl.AsyncInterfaces'.
TpTrace Information: 0 : 3376, 1, 2024/03/13, 23:21:26.694, 6984758897390, vstest.console.dll, AssemblyResolver.OnResolve: Microsoft.Bcl.AsyncInterfaces: Resolving assembly.
TpTrace Information: 0 : 3376, 1, 2024/03/13, 23:21:26.694, 6984758897762, vstest.console.dll, AssemblyResolver.OnResolve: Microsoft.Bcl.AsyncInterfaces: Resolved from cache.
TpTrace Verbose: 0 : 3376, 1, 2024/03/13, 23:21:26.694, 6984758898070, vstest.console.dll, CurrentDomainAssemblyResolve: Resolving assembly 'Microsoft.Bcl.AsyncInterfaces'.
TpTrace Verbose: 0 : 3376, 1, 2024/03/13, 23:21:26.694, 6984758898363, vstest.console.dll, CurrentDomainAssemblyResolve: Failed to resolve assembly 'Microsoft.Bcl.AsyncInterfaces'.
TpTrace Verbose: 0 : 3376, 1, 2024/03/13, 23:21:26.695, 6984758899849, vstest.console.dll, CurrentDomainAssemblyResolve: Failed to resolve assembly 'Microsoft.Bcl.AsyncInterfaces'.
TpTrace Warning: 0 : 3376, 1, 2024/03/13, 23:21:26.695, 6984758902764, vstest.console.dll, TestPluginDiscoverer: Failed to get types from assembly 'Microsoft.Diagnostics.NETCore.Client, Version=0.2.9.2401, Culture=neutral, PublicKeyToken=31bf3856ad364e35'. Error: System.Reflection.ReflectionTypeLoadException: Unable to load one or more of the requested types.
Could not load file or assembly 'Microsoft.Bcl.AsyncInterfaces, Version=6.0.0.0, Culture=neutral, PublicKeyToken=cc7b13ffcd2ddd51'. The system cannot find the file specified.
   at System.Reflection.RuntimeModule.GetTypes(RuntimeModule module)
   at System.Reflection.RuntimeModule.GetTypes()
   at Microsoft.VisualStudio.TestPlatform.Common.ExtensionFramework.TestPluginDiscoverer.GetTestExtensionsFromAssembly[TPluginInfo,TExtension](Assembly assembly, Dictionary`2 pluginInfos, String filePath) in /_/src/Microsoft.TestPlatform.Common/ExtensionFramework/TestPluginDiscoverer.cs:line 158
System.IO.FileNotFoundException: Could not load file or assembly 'Microsoft.Bcl.AsyncInterfaces, Version=6.0.0.0, Culture=neutral, PublicKeyToken=cc7b13ffcd2ddd51'. The system cannot find the file specified.
File name: 'Microsoft.Bcl.AsyncInterfaces, Version=6.0.0.0, Culture=neutral, PublicKeyToken=cc7b13ffcd2ddd51'
 ---> System.IO.FileNotFoundException: Could not load file or assembly 'Microsoft.Bcl.AsyncInterfaces, Culture=neutral, PublicKeyToken=null'. The system cannot find the file specified.
File name: 'Microsoft.Bcl.AsyncInterfaces, Culture=neutral, PublicKeyToken=null'
   at System.Reflection.RuntimeAssembly.InternalLoad(AssemblyName assemblyName, StackCrawlMark& stackMark, AssemblyLoadContext assemblyLoadContext, RuntimeAssembly requestingAssembly, Boolean throwOnFileNotFound)
   at System.Reflection.Assembly.Load(AssemblyName assemblyRef)
   at Microsoft.VisualStudio.TestPlatform.Common.ExtensionFramework.TestPluginCache.CurrentDomainAssemblyResolve(Object sender, AssemblyResolveEventArgs args) in /_/src/Microsoft.TestPlatform.Common/ExtensionFramework/TestPluginCache.cs:line 513
   at System.Runtime.Loader.AssemblyLoadContext.GetFirstResolvedAssemblyFromResolvingEvent(AssemblyName assemblyName)
   at System.Runtime.Loader.AssemblyLoadContext.ResolveUsingEvent(AssemblyName assemblyName)
   at System.Runtime.Loader.AssemblyLoadContext.ResolveUsingResolvingEvent(IntPtr gchManagedAssemblyLoadContext, AssemblyName assemblyName)
TpTrace Warning: 0 : 3376, 1, 2024/03/13, 23:21:26.695, 6984758904132, vstest.console.dll, LoaderExceptions: System.IO.FileNotFoundException: Could not load file or assembly 'Microsoft.Bcl.AsyncInterfaces, Version=6.0.0.0, Culture=neutral, PublicKeyToken=cc7b13ffcd2ddd51'. The system cannot find the file specified.
File name: 'Microsoft.Bcl.AsyncInterfaces, Version=6.0.0.0, Culture=neutral, PublicKeyToken=cc7b13ffcd2ddd51'
 ---> System.IO.FileNotFoundException: Could not load file or assembly 'Microsoft.Bcl.AsyncInterfaces, Culture=neutral, PublicKeyToken=null'. The system cannot find the file specified.
File name: 'Microsoft.Bcl.AsyncInterfaces, Culture=neutral, PublicKeyToken=null'
   at System.Reflection.RuntimeAssembly.InternalLoad(AssemblyName assemblyName, StackCrawlMark& stackMark, AssemblyLoadContext assemblyLoadContext, RuntimeAssembly requestingAssembly, Boolean throwOnFileNotFound)
   at System.Reflection.Assembly.Load(AssemblyName assemblyRef)
   at Microsoft.VisualStudio.TestPlatform.Common.ExtensionFramework.TestPluginCache.CurrentDomainAssemblyResolve(Object sender, AssemblyResolveEventArgs args) in /_/src/Microsoft.TestPlatform.Common/ExtensionFramework/TestPluginCache.cs:line 513
   at System.Runtime.Loader.AssemblyLoadContext.GetFirstResolvedAssemblyFromResolvingEvent(AssemblyName assemblyName)
   at System.Runtime.Loader.AssemblyLoadContext.ResolveUsingEvent(AssemblyName assemblyName)
   at System.Runtime.Loader.AssemblyLoadContext.ResolveUsingResolvingEvent(IntPtr gchManagedAssemblyLoadContext, AssemblyName assemblyName)
TpTrace Verbose: 0 : 3376, 1, 2024/03/13, 23:21:26.695, 6984758904835, vstest.console.dll, MetadataReaderExtensionsHelper: Discovering extensions inside assembly 'Microsoft.TestPlatform.Extensions.BlameDataCollector, Version=15.0.0.0, Culture=neutral, PublicKeyToken=b03f5f7f11d50a3a' file path 'C:\Program Files\dotnet\sdk\8.0.200\Extensions\Microsoft.TestPlatform.Extensions.BlameDataCollector.dll'
TpTrace Information: 0 : 3376, 1, 2024/03/13, 23:21:26.696, 6984758908891, vstest.console.dll, GetTestExtensionFromType: Register extension with identifier data 'logger://Microsoft/TestPlatform/Extensions/Blame/v1' and type 'Microsoft.TestPlatform.Extensions.BlameDataCollector.BlameLogger, Microsoft.TestPlatform.Extensions.BlameDataCollector, Version=15.0.0.0, Culture=neutral, PublicKeyToken=b03f5f7f11d50a3a' inside file 'C:\Program Files\dotnet\sdk\8.0.200\Extensions\Microsoft.TestPlatform.Extensions.BlameDataCollector.dll'
TpTrace Verbose: 0 : 3376, 1, 2024/03/13, 23:21:26.696, 6984758909494, vstest.console.dll, MetadataReaderExtensionsHelper: Discovering extensions inside assembly 'Microsoft.TestPlatform.Extensions.EventLogCollector, Version=15.0.0.0, Culture=neutral, PublicKeyToken=b03f5f7f11d50a3a' file path 'C:\Program Files\dotnet\sdk\8.0.200\Extensions\Microsoft.TestPlatform.Extensions.EventLogCollector.dll'
TpTrace Verbose: 0 : 3376, 1, 2024/03/13, 23:21:26.696, 6984758911615, vstest.console.dll, MetadataReaderExtensionsHelper: Discovering extensions inside assembly 'Microsoft.TestPlatform.TestHostRuntimeProvider, Version=15.0.0.0, Culture=neutral, PublicKeyToken=b03f5f7f11d50a3a' file path 'C:\Program Files\dotnet\sdk\8.0.200\Extensions\Microsoft.TestPlatform.TestHostRuntimeProvider.dll'
TpTrace Verbose: 0 : 3376, 1, 2024/03/13, 23:21:26.696, 6984758913815, vstest.console.dll, MetadataReaderExtensionsHelper: Discovering extensions inside assembly 'Microsoft.VisualStudio.TestPlatform.Extensions.Html.TestLogger, Version=15.0.0.0, Culture=neutral, PublicKeyToken=b03f5f7f11d50a3a' file path 'C:\Program Files\dotnet\sdk\8.0.200\Extensions\Microsoft.VisualStudio.TestPlatform.Extensions.Html.TestLogger.dll'
TpTrace Information: 0 : 3376, 1, 2024/03/13, 23:21:26.696, 6984758917790, vstest.console.dll, GetTestExtensionFromType: Register extension with identifier data 'logger://Microsoft/TestPlatform/HtmlLogger/v1' and type 'Microsoft.VisualStudio.TestPlatform.Extensions.HtmlLogger.HtmlLogger, Microsoft.VisualStudio.TestPlatform.Extensions.Html.TestLogger, Version=15.0.0.0, Culture=neutral, PublicKeyToken=b03f5f7f11d50a3a' inside file 'C:\Program Files\dotnet\sdk\8.0.200\Extensions\Microsoft.VisualStudio.TestPlatform.Extensions.Html.TestLogger.dll'
TpTrace Verbose: 0 : 3376, 1, 2024/03/13, 23:21:26.696, 6984758918379, vstest.console.dll, MetadataReaderExtensionsHelper: Discovering extensions inside assembly 'Microsoft.VisualStudio.TestPlatform.Extensions.Trx.TestLogger, Version=15.0.0.0, Culture=neutral, PublicKeyToken=b03f5f7f11d50a3a' file path 'C:\Program Files\dotnet\sdk\8.0.200\Extensions\Microsoft.VisualStudio.TestPlatform.Extensions.Trx.TestLogger.dll'
TpTrace Information: 0 : 3376, 1, 2024/03/13, 23:21:26.697, 6984758920959, vstest.console.dll, GetTestExtensionFromType: Register extension with identifier data 'logger://Microsoft/TestPlatform/TrxLogger/v1' and type 'Microsoft.VisualStudio.TestPlatform.Extensions.TrxLogger.TrxLogger, Microsoft.VisualStudio.TestPlatform.Extensions.Trx.TestLogger, Version=15.0.0.0, Culture=neutral, PublicKeyToken=b03f5f7f11d50a3a' inside file 'C:\Program Files\dotnet\sdk\8.0.200\Extensions\Microsoft.VisualStudio.TestPlatform.Extensions.Trx.TestLogger.dll'
TpTrace Verbose: 0 : 3376, 1, 2024/03/13, 23:21:26.697, 6984758921580, vstest.console.dll, TestPluginCache: Discovered the extensions using extension path ''.
TpTrace Verbose: 0 : 3376, 1, 2024/03/13, 23:21:26.697, 6984758921962, vstest.console.dll, TestPluginCache: Discoverers are ''.
TpTrace Verbose: 0 : 3376, 1, 2024/03/13, 23:21:26.697, 6984758922252, vstest.console.dll, TestPluginCache: Executors are ''.
TpTrace Verbose: 0 : 3376, 1, 2024/03/13, 23:21:26.697, 6984758922587, vstest.console.dll, TestPluginCache: Executors2 are ''.
TpTrace Verbose: 0 : 3376, 1, 2024/03/13, 23:21:26.697, 6984758922920, vstest.console.dll, TestPluginCache: Setting providers are ''.
TpTrace Verbose: 0 : 3376, 1, 2024/03/13, 23:21:26.697, 6984758923650, vstest.console.dll, TestPluginCache: Loggers are 'logger://Microsoft/TestPlatform/Extensions/Blame/v1,logger://Microsoft/TestPlatform/HtmlLogger/v1,logger://Microsoft/TestPlatform/TrxLogger/v1'.
TpTrace Verbose: 0 : 3376, 1, 2024/03/13, 23:21:26.697, 6984758924123, vstest.console.dll, TestPluginCache: TestHosts are 'HostProvider://DefaultTestHost,HostProvider://DotnetTestHost'.
TpTrace Verbose: 0 : 3376, 1, 2024/03/13, 23:21:26.697, 6984758924471, vstest.console.dll, TestPluginCache: DataCollectors are ''.
TpTrace Information: 0 : 3376, 1, 2024/03/13, 23:21:26.698, 6984758931330, vstest.console.dll, TestPluginManager.CreateTestExtension: Attempting to load test extension: Microsoft.TestPlatform.Extensions.BlameDataCollector.BlameLogger
TpTrace Verbose: 0 : 3376, 1, 2024/03/13, 23:21:26.704, 6984758992459, vstest.console.dll, TestEngine: Initializing Parallel Execution as MaxCpuCount is set to: 1
TpTrace Information: 0 : 3376, 1, 2024/03/13, 23:21:26.705, 6984759007854, vstest.console.dll, TestPluginManager.CreateTestExtension: Attempting to load test extension: Microsoft.VisualStudio.TestPlatform.CrossPlatEngine.Hosting.DefaultTestHostManager
TpTrace Information: 0 : 3376, 1, 2024/03/13, 23:21:26.706, 6984759015434, vstest.console.dll, TestPluginManager.CreateTestExtension: Attempting to load test extension: Microsoft.VisualStudio.TestPlatform.CrossPlatEngine.Hosting.DotnetTestHostManager
TpTrace Information: 0 : 3376, 1, 2024/03/13, 23:21:26.707, 6984759020376, vstest.console.dll, InferRunSettingsHelper.IsTestSettingsEnabled: Unable to navigate to RunSettings/MSTest. Current node: RunSettings
TpTrace Verbose: 0 : 3376, 1, 2024/03/13, 23:21:26.707, 6984759025424, vstest.console.dll, ParallelOperationManager.ClearSlots: Clearing all slots. Slots should accept more work: True
TpTrace Verbose: 0 : 3376, 1, 2024/03/13, 23:21:26.708, 6984759030856, vstest.console.dll, ParallelOperationManager.SetOccupiedSlotCount: Setting slot counts AvailableSlotCount = 3, OccupiedSlotCount = 0.
TpTrace Verbose: 0 : 3376, 1, 2024/03/13, 23:21:26.708, 6984759034019, vstest.console.dll, Occupied slots:

TpTrace Verbose: 0 : 3376, 1, 2024/03/13, 23:21:26.711, 6984759062518, vstest.console.dll, TestEngine.GetExecutionManager: Chosen execution manager 'Microsoft.VisualStudio.TestPlatform.CrossPlatEngine.Client.Parallel.ParallelProxyExecutionManager, Microsoft.TestPlatform.CrossPlatEngine, Version=15.0.0.0, Culture=neutral, PublicKeyToken=b03f5f7f11d50a3a' ParallelLevel '1'.
TpTrace Verbose: 0 : 3376, 1, 2024/03/13, 23:21:26.711, 6984759063778, vstest.console.dll, TestRunRequest.ExecuteAsync: Creating test run request.
TpTrace Verbose: 0 : 3376, 1, 2024/03/13, 23:21:26.711, 6984759065801, vstest.console.dll, TestRunRequest.ExecuteAsync: Starting.
TpTrace Information: 0 : 3376, 1, 2024/03/13, 23:21:26.712, 6984759075920, vstest.console.dll, TestRunRequest.ExecuteAsync: Starting run with settings:TestRunCriteria:
   KeepAlive=False,FrequencyOfRunStatsChangeEvent=10,RunStatsChangeEventTimeout=00:00:01.5000000,TestCaseFilter=,TestExecutorLauncher=
   Settingsxml=<RunSettings>
  <RunConfiguration>
    <ResultsDirectory>D:\Visual Studio Projects\BE Test Automation March 2024\08.03.24 Exercise API Testing with Csharp\RestSharpExercise\TestGitHubApi\bin\Debug\net6.0\fine-code-coverage\coverage-tool-output</ResultsDirectory>
    <TargetPlatform>X64</TargetPlatform>
    <TargetFrameworkVersion>.NETCoreApp,Version=v6.0</TargetFrameworkVersion>
    <DesignMode>False</DesignMode>
    <CollectSourceInformation>False</CollectSourceInformation>
  </RunConfiguration>
  <LoggerRunSettings>
    <Loggers>
      <Logger friendlyName="blame" enabled="True" />
      <Logger friendlyName="Console" uri="logger://microsoft/TestPlatform/ConsoleLogger/v1" assemblyQualifiedName="Microsoft.VisualStudio.TestPlatform.CommandLine.Internal.ConsoleLogger, vstest.console, Version=15.0.0.0, Culture=neutral, PublicKeyToken=b03f5f7f11d50a3a" codeBase="C:\Program Files\dotnet\sdk\8.0.200\vstest.console.dll" enabled="True" />
    </Loggers>
  </LoggerRunSettings>
  <DataCollectionRunSettings>
    <DataCollectors>
      <DataCollector friendlyName="blame" enabled="True">
        <Configuration>
          <ResultsDirectory>D:\Visual Studio Projects\BE Test Automation March 2024\08.03.24 Exercise API Testing with Csharp\RestSharpExercise\TestGitHubApi\bin\Debug\net6.0\fine-code-coverage\coverage-tool-output</ResultsDirectory>
        </Configuration>
      </DataCollector>
    </DataCollectors>
  </DataCollectionRunSettings>
</RunSettings>

TpTrace Verbose: 0 : 3376, 1, 2024/03/13, 23:21:26.712, 6984759076539, vstest.console.dll, TestRunRequest.ExecuteAsync: Wait for the first run request is over.
TpTrace Verbose: 0 : 3376, 1, 2024/03/13, 23:21:26.713, 6984759079992, vstest.console.dll, MulticastDelegateUtilities.SafeInvoke: TestRun.TestRunStart: Invoking callbacks was skipped because there are no subscribers.
TpTrace Verbose: 0 : 3376, 4, 2024/03/13, 23:21:26.713, 6984759082564, vstest.console.dll, MulticastDelegateUtilities.SafeInvoke: InternalTestLoggerEvents.SendTestRunStart: Invoking callback 1/1 for Microsoft.VisualStudio.TestPlatform.CommandLine.Internal.ConsoleLogger., took 0 ms.
TpTrace Verbose: 0 : 3376, 1, 2024/03/13, 23:21:26.714, 6984759090956, vstest.console.dll, ParallelProxyExecutionManager: Start execution. Total sources: 1
TpTrace Verbose: 0 : 3376, 1, 2024/03/13, 23:21:26.714, 6984759093920, vstest.console.dll, ParallelOperationManager.StartWork: Starting adding 1 workloads.
TpTrace Verbose: 0 : 3376, 1, 2024/03/13, 23:21:26.714, 6984759094607, vstest.console.dll, ParallelOperationManager.ClearSlots: Clearing all slots. Slots should accept more work: True
TpTrace Verbose: 0 : 3376, 1, 2024/03/13, 23:21:26.714, 6984759095275, vstest.console.dll, ParallelOperationManager.SetOccupiedSlotCount: Setting slot counts AvailableSlotCount = 3, OccupiedSlotCount = 0.
TpTrace Verbose: 0 : 3376, 1, 2024/03/13, 23:21:26.714, 6984759095707, vstest.console.dll, Occupied slots:

TpTrace Verbose: 0 : 3376, 1, 2024/03/13, 23:21:26.715, 6984759107839, vstest.console.dll, TestRequestSender is acting as server.
TpTrace Verbose: 0 : 3376, 1, 2024/03/13, 23:21:26.716, 6984759117409, vstest.console.dll, ParallelOperationManager.RunWorkInParallel: Adding 1 workload to slot, remaining workloads 0.
TpTrace Verbose: 0 : 3376, 1, 2024/03/13, 23:21:26.716, 6984759118332, vstest.console.dll, ParallelOperationManager.SetOccupiedSlotCount: Setting slot counts AvailableSlotCount = 2, OccupiedSlotCount = 1.
TpTrace Verbose: 0 : 3376, 1, 2024/03/13, 23:21:26.717, 6984759119488, vstest.console.dll, Occupied slots:
0: D:\Visual Studio Projects\BE Test Automation March 2024\08.03.24 Exercise API Testing with Csharp\RestSharpExercise\TestGitHubApi\bin\Debug\net6.0\fine-code-coverage\build-output\TestGitHubApi.dll
TpTrace Verbose: 0 : 3376, 1, 2024/03/13, 23:21:26.717, 6984759128139, vstest.console.dll, ParallelOperationManager.RunWorkInParallel: Started host in slot number 0 for work (source): D:\Visual Studio Projects\BE Test Automation March 2024\08.03.24 Exercise API Testing with Csharp\RestSharpExercise\TestGitHubApi\bin\Debug\net6.0\fine-code-coverage\build-output\TestGitHubApi.dll.
TpTrace Verbose: 0 : 3376, 1, 2024/03/13, 23:21:26.719, 6984759140566, vstest.console.dll, ParallelOperationManager.RunWorkInParallel: We started 1 work items, which is the max parallel level. Won't start more work.
TpTrace Verbose: 0 : 3376, 1, 2024/03/13, 23:21:26.719, 6984759141816, vstest.console.dll, ParallelOperationManager.RunWorkInParallel: We started 1 work items in here, returning True.
TpTrace Information: 0 : 3376, 1, 2024/03/13, 23:21:26.719, 6984759142491, vstest.console.dll, TestRunRequest.ExecuteAsync: Started.
TpTrace Verbose: 0 : 3376, 5, 2024/03/13, 23:21:26.719, 6984759142517, vstest.console.dll, ParallelProxyExecutionManager.StartTestRunOnConcurrentManager: Initializing uninitialized client. Started clients: 0
TpTrace Verbose: 0 : 3376, 5, 2024/03/13, 23:21:26.719, 6984759145353, vstest.console.dll, DataCollectionRequestSender.InitializeCommunication : Initialize communication. 
TpTrace Verbose: 0 : 3376, 1, 2024/03/13, 23:21:26.720, 6984759150126, vstest.console.dll, TestRunRequest.WaitForCompletion: Waiting with timeout -1.
TpTrace Information: 0 : 3376, 5, 2024/03/13, 23:21:26.726, 6984759209882, vstest.console.dll, Listening on Endpoint : 127.0.0.1:57031
TpTrace Verbose: 0 : 3376, 5, 2024/03/13, 23:21:26.730, 6984759258325, vstest.console.dll, DotnetDataCollectionLauncher: Adding  --runtimeconfig "C:\Program Files\dotnet\sdk\8.0.200\datacollector.runtimeconfig.json" in args
TpTrace Verbose: 0 : 3376, 5, 2024/03/13, 23:21:26.731, 6984759259608, vstest.console.dll, DotnetDataCollectionLauncher: Adding  --depsfile "C:\Program Files\dotnet\sdk\8.0.200\datacollector.deps.json" in args
TpTrace Verbose: 0 : 3376, 5, 2024/03/13, 23:21:26.731, 6984759261705, vstest.console.dll, DotnetDataCollectionLauncher: Full path of dotnet.exe is C:\Program Files\dotnet\dotnet.exe
TpTrace Information: 0 : 3376, 5, 2024/03/13, 23:21:26.737, 6984759326454, vstest.console.dll, ProxyDataCollectionManager.Initialize: Launched datacollector processId: 15856 port: 57031
TpTrace Information: 0 : 3376, 5, 2024/03/13, 23:21:26.737, 6984759328436, vstest.console.dll, ProxyDataCollectionManager.Initialize: waiting for connection with timeout: 90 seconds
TpTrace Verbose: 0 : 3376, 5, 2024/03/13, 23:21:26.738, 6984759329571, vstest.console.dll, DataCollectionRequestSender.WaitForRequestHandlerConnection : Waiting for connection with timeout: 90000
TpTrace Information: 0 : 3376, 7, 2024/03/13, 23:21:26.863, 6984760580931, vstest.console.dll, Using the buffer size of 16384 bytes
TpTrace Verbose: 0 : 3376, 5, 2024/03/13, 23:21:26.863, 6984760581030, vstest.console.dll, SocketCommunicationManager.WaitForClientConnection took: 125 ms, with 90000 ms timeout, and finished with True.
TpTrace Information: 0 : 3376, 7, 2024/03/13, 23:21:26.863, 6984760582276, vstest.console.dll, Accepted Client request and set the flag
TpTrace Verbose: 0 : 3376, 5, 2024/03/13, 23:21:26.863, 6984760583582, vstest.console.dll, ProxyDataCollectionManager.InvokeDataCollectionServiceAction: Starting.
TpTrace Information: 0 : 3376, 5, 2024/03/13, 23:21:26.863, 6984760584729, vstest.console.dll, ProxyDataCollectionManager.BeforeTestRunStart: Get environment variable and port for datacollector processId: 15856 port: 57031
TpTrace Verbose: 0 : 3376, 5, 2024/03/13, 23:21:26.863, 6984760586294, vstest.console.dll, DataCollectionRequestSender.SendBeforeTestRunStartAndGetResult: Send BeforeTestRunStart message with settingsXml <RunSettings><RunConfiguration><ResultsDirectory>D:\Visual Studio Projects\BE Test Automation March 2024\08.03.24 Exercise API Testing with Csharp\RestSharpExercise\TestGitHubApi\bin\Debug\net6.0\fine-code-coverage\coverage-tool-output</ResultsDirectory><TargetPlatform>X64</TargetPlatform><TargetFrameworkVersion>.NETCoreApp,Version=v6.0</TargetFrameworkVersion><DesignMode>False</DesignMode><CollectSourceInformation>False</CollectSourceInformation><TestAdaptersPaths>C:\Program Files\dotnet\sdk\8.0.200\Extensions</TestAdaptersPaths></RunConfiguration><LoggerRunSettings><Loggers><Logger friendlyName="blame" enabled="True" /><Logger friendlyName="Console" uri="logger://microsoft/TestPlatform/ConsoleLogger/v1" assemblyQualifiedName="Microsoft.VisualStudio.TestPlatform.CommandLine.Internal.ConsoleLogger, vstest.console, Version=15.0.0.0, Culture=neutral, PublicKeyToken=b03f5f7f11d50a3a" codeBase="C:\Program Files\dotnet\sdk\8.0.200\vstest.console.dll" enabled="True" /></Loggers></LoggerRunSettings><DataCollectionRunSettings><DataCollectors><DataCollector friendlyName="blame" enabled="True"><Configuration><ResultsDirectory>D:\Visual Studio Projects\BE Test Automation March 2024\08.03.24 Exercise API Testing with Csharp\RestSharpExercise\TestGitHubApi\bin\Debug\net6.0\fine-code-coverage\coverage-tool-output</ResultsDirectory></Configuration></DataCollector></DataCollectors></DataCollectionRunSettings></RunSettings> and sources System.Collections.Generic.List`1[System.String]: 
TpTrace Verbose: 0 : 3376, 5, 2024/03/13, 23:21:26.905, 6984760998743, vstest.console.dll, DataCollectionRequestSender.SendBeforeTestRunStartAndGetResult: Received message: (DataCollection.SendMessage) -> {"MessageType":"DataCollection.SendMessage","Payload":{"FriendlyName":null,"Uri":null,"TestCaseId":"00000000-0000-0000-0000-000000000000","Message":"Logging DataCollector Diagnostics in file: D:\\Visual Studio Projects\\BE Test Automation March 2024\\08.03.24 Exercise API Testing with Csharp\\RestSharpExercise\\TestGitHubApi\\bin\\Debug\\net6.0\\fine-code-coverage\\coverage-tool-output\\diagnostics.datacollector.24-03-13_23-21-26_73075_5.log","Level":0}}
TpTrace Verbose: 0 : 3376, 5, 2024/03/13, 23:21:26.974, 6984761693333, vstest.console.dll, DataCollectionRequestSender.SendBeforeTestRunStartAndGetResult: Received message: (DataCollection.BeforeTestRunStartResult) -> {"MessageType":"DataCollection.BeforeTestRunStartResult","Payload":{"EnvironmentVariables":{},"DataCollectionEventsPort":57033}}
TpTrace Information: 0 : 3376, 5, 2024/03/13, 23:21:26.978, 6984761730691, vstest.console.dll, ProxyDataCollectionManager.BeforeTestRunStart: SendBeforeTestRunStartAndGetResult successful, env variable from datacollector:   and testhost port: 57033
TpTrace Information: 0 : 3376, 5, 2024/03/13, 23:21:26.978, 6984761731667, vstest.console.dll, ProxyDataCollectionManager.InvokeDataCollectionServiceAction: Completed.
TpTrace Verbose: 0 : 3376, 5, 2024/03/13, 23:21:26.978, 6984761732134, vstest.console.dll, ParallelProxyExecutionManager.StartTestRunOnConcurrentManager: Initializing test run. Started clients: 0
TpTrace Verbose: 0 : 3376, 5, 2024/03/13, 23:21:26.978, 6984761733004, vstest.console.dll, ProxyExecutionManager: Test host is always Lazy initialize.
TpTrace Verbose: 0 : 3376, 5, 2024/03/13, 23:21:26.978, 6984761734987, vstest.console.dll, TestRequestSender.InitializeCommunication: initialize communication. 
TpTrace Information: 0 : 3376, 5, 2024/03/13, 23:21:26.979, 6984761740417, vstest.console.dll, SocketServer.Start: Listening on endpoint : 127.0.0.1:57034
TpTrace Verbose: 0 : 3376, 5, 2024/03/13, 23:21:26.979, 6984761747413, vstest.console.dll, DotnetTestHostmanager.GetTestHostProcessStartInfo: Platform environment 'X64' target architecture 'X64' framework '.NETCoreApp,Version=v6.0' OS 'Windows'
TpTrace Verbose: 0 : 3376, 5, 2024/03/13, 23:21:26.980, 6984761749164, vstest.console.dll, DotnetTestHostmanager: Adding  --runtimeconfig "D:\Visual Studio Projects\BE Test Automation March 2024\08.03.24 Exercise API Testing with Csharp\RestSharpExercise\TestGitHubApi\bin\Debug\net6.0\fine-code-coverage\build-output\TestGitHubApi.runtimeconfig.json" in args
TpTrace Verbose: 0 : 3376, 5, 2024/03/13, 23:21:26.980, 6984761749761, vstest.console.dll, DotnetTestHostmanager: Adding  --depsfile "D:\Visual Studio Projects\BE Test Automation March 2024\08.03.24 Exercise API Testing with Csharp\RestSharpExercise\TestGitHubApi\bin\Debug\net6.0\fine-code-coverage\build-output\TestGitHubApi.deps.json" in args
TpTrace Verbose: 0 : 3376, 5, 2024/03/13, 23:21:26.980, 6984761751489, vstest.console.dll, DotnetTestHostmanager.IsWinOnArm: Current PROCESSOR_ARCHITECTURE from environment variable 'AMD64'
TpTrace Verbose: 0 : 3376, 5, 2024/03/13, 23:21:26.980, 6984761752091, vstest.console.dll, DotnetTestHostmanager.IsWinOnArm: Is Windows on ARM 'False'
TpTrace Verbose: 0 : 3376, 5, 2024/03/13, 23:21:26.980, 6984761752623, vstest.console.dll, DotnetTestHostManager: testhost.exe found at path: D:\Visual Studio Projects\BE Test Automation March 2024\08.03.24 Exercise API Testing with Csharp\RestSharpExercise\TestGitHubApi\bin\Debug\net6.0\fine-code-coverage\build-output\testhost.exe
TpTrace Verbose: 0 : 3376, 5, 2024/03/13, 23:21:26.980, 6984761753045, vstest.console.dll, DotnetTestHostmanager: Full path of host exe is D:\Visual Studio Projects\BE Test Automation March 2024\08.03.24 Exercise API Testing with Csharp\RestSharpExercise\TestGitHubApi\bin\Debug\net6.0\fine-code-coverage\build-output\testhost.exe
TpTrace Verbose: 0 : 3376, 5, 2024/03/13, 23:21:26.980, 6984761754963, vstest.console.dll, DotnetTestHostmanager.LaunchTestHostAsync: Found 'VSTEST_WINAPPHOST_DOTNET_ROOT' in env variables, value 'C:\Program Files\dotnet', forwarding to 'DOTNET_ROOT'
TpTrace Verbose: 0 : 3376, 5, 2024/03/13, 23:21:26.980, 6984761756758, vstest.console.dll, DotnetTestHostManager: Starting process 'D:\Visual Studio Projects\BE Test Automation March 2024\08.03.24 Exercise API Testing with Csharp\RestSharpExercise\TestGitHubApi\bin\Debug\net6.0\fine-code-coverage\build-output\testhost.exe' with command line ' --runtimeconfig "D:\Visual Studio Projects\BE Test Automation March 2024\08.03.24 Exercise API Testing with Csharp\RestSharpExercise\TestGitHubApi\bin\Debug\net6.0\fine-code-coverage\build-output\TestGitHubApi.runtimeconfig.json" --depsfile "D:\Visual Studio Projects\BE Test Automation March 2024\08.03.24 Exercise API Testing with Csharp\RestSharpExercise\TestGitHubApi\bin\Debug\net6.0\fine-code-coverage\build-output\TestGitHubApi.deps.json" --port 57034 --endpoint 127.0.0.1:057034 --role client --parentprocessid 3376 --diag "D:\Visual Studio Projects\BE Test Automation March 2024\08.03.24 Exercise API Testing with Csharp\RestSharpExercise\TestGitHubApi\bin\Debug\net6.0\fine-code-coverage\coverage-tool-output\diagnostics.host.24-03-13_23-21-26_97958_5.log" --tracelevel 4 --datacollectionport 57033 --telemetryoptedin false'
TpTrace Verbose: 0 : 3376, 5, 2024/03/13, 23:21:26.990, 6984761853856, vstest.console.dll, MulticastDelegateUtilities.SafeInvoke: HostProviderEvents.OnHostLaunched: Invoking callback 1/2 for Microsoft.VisualStudio.TestPlatform.CrossPlatEngine.Client.ProxyExecutionManagerWithDataCollection., took 1 ms.
TpTrace Verbose: 0 : 3376, 5, 2024/03/13, 23:21:26.990, 6984761857856, vstest.console.dll, Test Runtime launched
TpTrace Verbose: 0 : 3376, 5, 2024/03/13, 23:21:26.991, 6984761859060, vstest.console.dll, MulticastDelegateUtilities.SafeInvoke: HostProviderEvents.OnHostLaunched: Invoking callback 2/2 for Microsoft.VisualStudio.TestPlatform.CrossPlatEngine.Client.ProxyOperationManager., took 0 ms.
TpTrace Verbose: 0 : 3376, 5, 2024/03/13, 23:21:26.991, 6984761860983, vstest.console.dll, TestRequestSender.WaitForRequestHandlerConnection: waiting for connection with timeout: 90000.
TpTrace Verbose: 0 : 3376, 7, 2024/03/13, 23:21:27.135, 6984763299623, vstest.console.dll, MulticastDelegateUtilities.SafeInvoke: SocketServer: ClientConnected: Invoking callback 1/1 for Microsoft.VisualStudio.TestPlatform.CommunicationUtilities.TestRequestSender., took 0 ms.
TpTrace Verbose: 0 : 3376, 5, 2024/03/13, 23:21:27.135, 6984763300176, vstest.console.dll, TestRequestSender.WaitForRequestHandlerConnection: waiting took 143 ms, with timeout 90000 ms, and result 0, which is success.
TpTrace Verbose: 0 : 3376, 7, 2024/03/13, 23:21:27.135, 6984763301716, vstest.console.dll, SocketServer.OnClientConnected: Client connected for endPoint: 127.0.0.1:57034, starting MessageLoopAsync:
TpTrace Verbose: 0 : 3376, 7, 2024/03/13, 23:21:27.136, 6984763309459, vstest.console.dll, TcpClientExtensions.MessageLoopAsync: Polling on remoteEndPoint: 127.0.0.1:57035 localEndPoint: 127.0.0.1:57034 after 0 ms
TpTrace Verbose: 0 : 3376, 5, 2024/03/13, 23:21:27.136, 6984763311526, vstest.console.dll, TestRequestSender.CheckVersionWithTestHost: Sending check version message: {"MessageType":"ProtocolVersion","Payload":7}
TpTrace Verbose: 0 : 3376, 7, 2024/03/13, 23:21:27.270, 6984764655887, vstest.console.dll, TcpClientExtensions.MessageLoopAsync: NotifyDataAvailable remoteEndPoint: 127.0.0.1:57035 localEndPoint: 127.0.0.1:57034
TpTrace Verbose: 0 : 3376, 7, 2024/03/13, 23:21:27.271, 6984764659161, vstest.console.dll, TestRequestSender.CheckVersionWithTestHost: onMessageReceived received message: (ProtocolVersion) -> {"MessageType":"ProtocolVersion","Payload":7}
TpTrace Verbose: 0 : 3376, 7, 2024/03/13, 23:21:27.271, 6984764665577, vstest.console.dll, MulticastDelegateUtilities.SafeInvoke: LengthPrefixCommunicationChannel: MessageReceived: Invoking callback 1/1 for Microsoft.VisualStudio.TestPlatform.CommunicationUtilities.TestRequestSender+<>c__DisplayClass29_0., took 0 ms.
TpTrace Verbose: 0 : 3376, 5, 2024/03/13, 23:21:27.271, 6984764667260, vstest.console.dll, TestPluginCache.GetExtensionPaths: Filtered extension paths: 
TpTrace Verbose: 0 : 3376, 7, 2024/03/13, 23:21:27.271, 6984764667475, vstest.console.dll, TcpClientExtensions.MessageLoopAsync: Polling on remoteEndPoint: 127.0.0.1:57035 localEndPoint: 127.0.0.1:57034 after 135 ms
TpTrace Verbose: 0 : 3376, 5, 2024/03/13, 23:21:27.272, 6984764668566, vstest.console.dll, TestPluginCache.GetExtensionPaths: Added default extension paths: C:\Program Files\dotnet\sdk\8.0.200\Extensions\Microsoft.Diagnostics.NETCore.Client.dll
C:\Program Files\dotnet\sdk\8.0.200\Extensions\Microsoft.TestPlatform.Extensions.BlameDataCollector.dll
C:\Program Files\dotnet\sdk\8.0.200\Extensions\Microsoft.TestPlatform.Extensions.EventLogCollector.dll
C:\Program Files\dotnet\sdk\8.0.200\Extensions\Microsoft.TestPlatform.TestHostRuntimeProvider.dll
C:\Program Files\dotnet\sdk\8.0.200\Extensions\Microsoft.VisualStudio.TestPlatform.Extensions.Html.TestLogger.dll
C:\Program Files\dotnet\sdk\8.0.200\Extensions\Microsoft.VisualStudio.TestPlatform.Extensions.Trx.TestLogger.dll
TpTrace Verbose: 0 : 3376, 5, 2024/03/13, 23:21:27.272, 6984764670498, vstest.console.dll, TestPluginCache.GetExtensionPaths: Added unfilterableExtensionPaths: 
TpTrace Verbose: 0 : 3376, 5, 2024/03/13, 23:21:27.274, 6984764692900, vstest.console.dll, TestRequestSender.InitializeExecution: Sending initialize execution with message: {"Version":7,"MessageType":"TestExecution.Initialize","Payload":["D:\\Visual Studio Projects\\BE Test Automation March 2024\\08.03.24 Exercise API Testing with Csharp\\RestSharpExercise\\TestGitHubApi\\bin\\Debug\\net6.0\\fine-code-coverage\\build-output\\NUnit3.TestAdapter.dll"]}
TpTrace Verbose: 0 : 3376, 5, 2024/03/13, 23:21:27.274, 6984764695634, vstest.console.dll, ParallelProxyExecutionManager.StartTestRunOnConcurrentManager: Execution starting. Started clients: 1
TpTrace Verbose: 0 : 3376, 5, 2024/03/13, 23:21:27.275, 6984764698643, vstest.console.dll, TestRunRequest:SendTestRunMessage: Starting.
TpTrace Verbose: 0 : 3376, 5, 2024/03/13, 23:21:27.275, 6984764700549, vstest.console.dll, MulticastDelegateUtilities.SafeInvoke: TestRun.LogMessages: Invoking callback 1/1 for Microsoft.VisualStudio.TestPlatform.CommandLine.TestRunResultAggregator., took 0 ms.
TpTrace Information: 0 : 3376, 5, 2024/03/13, 23:21:27.275, 6984764701191, vstest.console.dll, TestRunRequest:SendTestRunMessage: Completed.
TpTrace Verbose: 0 : 3376, 4, 2024/03/13, 23:21:27.275, 6984764703011, vstest.console.dll, MulticastDelegateUtilities.SafeInvoke: InternalTestLoggerEvents.SendTestRunMessage: Invoking callback 1/1 for Microsoft.VisualStudio.TestPlatform.CommandLine.Internal.ConsoleLogger., took 0 ms.
TpTrace Warning: 0 : 3376, 5, 2024/03/13, 23:21:27.275, 6984764704711, vstest.console.dll, InferRunSettingsHelper.MakeRunsettingsCompatible: Removing the following settings: TargetPlatform from RunSettings file. To use those settings please move to latest version of Microsoft.NET.Test.Sdk
TpTrace Verbose: 0 : 3376, 7, 2024/03/13, 23:21:27.276, 6984764717677, vstest.console.dll, TcpClientExtensions.MessageLoopAsync: NotifyDataAvailable remoteEndPoint: 127.0.0.1:57035 localEndPoint: 127.0.0.1:57034
TpTrace Verbose: 0 : 3376, 7, 2024/03/13, 23:21:27.277, 6984764722280, vstest.console.dll, TestRequestSender.OnExecutionMessageReceived: Received message: {"Version":7,"MessageType":"TestSession.Message","Payload":{"MessageLevel":0,"Message":"Logging TestHost Diagnostics in file: D:\\Visual Studio Projects\\BE Test Automation March 2024\\08.03.24 Exercise API Testing with Csharp\\RestSharpExercise\\TestGitHubApi\\bin\\Debug\\net6.0\\fine-code-coverage\\coverage-tool-output\\diagnostics.host.24-03-13_23-21-26_97958_5.log"}}
TpTrace Verbose: 0 : 3376, 7, 2024/03/13, 23:21:27.279, 6984764742095, vstest.console.dll, TestRunRequest:SendTestRunMessage: Starting.
TpTrace Verbose: 0 : 3376, 7, 2024/03/13, 23:21:27.279, 6984764744203, vstest.console.dll, MulticastDelegateUtilities.SafeInvoke: TestRun.LogMessages: Invoking callback 1/1 for Microsoft.VisualStudio.TestPlatform.CommandLine.TestRunResultAggregator., took 0 ms.
TpTrace Verbose: 0 : 3376, 4, 2024/03/13, 23:21:27.279, 6984764744908, vstest.console.dll, MulticastDelegateUtilities.SafeInvoke: InternalTestLoggerEvents.SendTestRunMessage: Invoking callback 1/1 for Microsoft.VisualStudio.TestPlatform.CommandLine.Internal.ConsoleLogger., took 0 ms.
TpTrace Information: 0 : 3376, 7, 2024/03/13, 23:21:27.279, 6984764744954, vstest.console.dll, TestRunRequest:SendTestRunMessage: Completed.
TpTrace Verbose: 0 : 3376, 7, 2024/03/13, 23:21:27.279, 6984764746836, vstest.console.dll, MulticastDelegateUtilities.SafeInvoke: LengthPrefixCommunicationChannel: MessageReceived: Invoking callback 1/1 for Microsoft.VisualStudio.TestPlatform.CommunicationUtilities.TestRequestSender+<>c__DisplayClass34_0., took 2 ms.
TpTrace Verbose: 0 : 3376, 7, 2024/03/13, 23:21:27.279, 6984764747675, vstest.console.dll, TcpClientExtensions.MessageLoopAsync: Polling on remoteEndPoint: 127.0.0.1:57035 localEndPoint: 127.0.0.1:57034 after 7 ms
TpTrace Verbose: 0 : 3376, 5, 2024/03/13, 23:21:27.281, 6984764758630, vstest.console.dll, TestRequestSender.StartTestRun: Sending test run with message: {"Version":7,"MessageType":"TestExecution.StartWithSources","Payload":{"AdapterSourceMap":{"_none_":["D:\\Visual Studio Projects\\BE Test Automation March 2024\\08.03.24 Exercise API Testing with Csharp\\RestSharpExercise\\TestGitHubApi\\bin\\Debug\\net6.0\\fine-code-coverage\\build-output\\TestGitHubApi.dll"]},"RunSettings":"<RunSettings>\r\n  <RunConfiguration>\r\n    <ResultsDirectory>D:\\Visual Studio Projects\\BE Test Automation March 2024\\08.03.24 Exercise API Testing with Csharp\\RestSharpExercise\\TestGitHubApi\\bin\\Debug\\net6.0\\fine-code-coverage\\coverage-tool-output</ResultsDirectory>\r\n    <TargetFrameworkVersion>.NETCoreApp,Version=v6.0</TargetFrameworkVersion>\r\n    <DesignMode>False</DesignMode>\r\n    <CollectSourceInformation>False</CollectSourceInformation>\r\n  </RunConfiguration>\r\n  <LoggerRunSettings>\r\n    <Loggers>\r\n      <Logger friendlyName=\"blame\" enabled=\"True\" />\r\n      <Logger friendlyName=\"Console\" uri=\"logger://microsoft/TestPlatform/ConsoleLogger/v1\" assemblyQualifiedName=\"Microsoft.VisualStudio.TestPlatform.CommandLine.Internal.ConsoleLogger, vstest.console, Version=15.0.0.0, Culture=neutral, PublicKeyToken=b03f5f7f11d50a3a\" codeBase=\"C:\\Program Files\\dotnet\\sdk\\8.0.200\\vstest.console.dll\" enabled=\"True\" />\r\n    </Loggers>\r\n  </LoggerRunSettings>\r\n  <DataCollectionRunSettings>\r\n    <DataCollectors>\r\n      <DataCollector friendlyName=\"blame\" enabled=\"True\">\r\n        <Configuration>\r\n          <ResultsDirectory>D:\\Visual Studio Projects\\BE Test Automation March 2024\\08.03.24 Exercise API Testing with Csharp\\RestSharpExercise\\TestGitHubApi\\bin\\Debug\\net6.0\\fine-code-coverage\\coverage-tool-output</ResultsDirectory>\r\n        </Configuration>\r\n      </DataCollector>\r\n    </DataCollectors>\r\n  </DataCollectionRunSettings>\r\n</RunSettings>","TestExecutionContext":{"FrequencyOfRunStatsChangeEvent":10,"RunStatsChangeEventTimeout":"00:00:01.5000000","InIsolation":false,"KeepAlive":false,"AreTestCaseLevelEventsRequired":false,"IsDebug":false,"TestCaseFilter":null,"FilterOptions":null},"Package":null}}
TpTrace Verbose: 0 : 3376, 5, 2024/03/13, 23:21:27.281, 6984764760700, vstest.console.dll, ParallelProxyExecutionManager.StartTestRunOnConcurrentManager: Execution started. Started clients: 1
TpTrace Verbose: 0 : 3376, 7, 2024/03/13, 23:21:27.447, 6984766425741, vstest.console.dll, TcpClientExtensions.MessageLoopAsync: NotifyDataAvailable remoteEndPoint: 127.0.0.1:57035 localEndPoint: 127.0.0.1:57034
TpTrace Verbose: 0 : 3376, 7, 2024/03/13, 23:21:27.448, 6984766428485, vstest.console.dll, TestRequestSender.OnExecutionMessageReceived: Received message: {"Version":7,"MessageType":"TestSession.Message","Payload":{"MessageLevel":0,"Message":"NUnit Adapter 4.4.0.0: Test execution started"}}
TpTrace Verbose: 0 : 3376, 7, 2024/03/13, 23:21:27.448, 6984766430894, vstest.console.dll, TestRunRequest:SendTestRunMessage: Starting.
TpTrace Verbose: 0 : 3376, 7, 2024/03/13, 23:21:27.448, 6984766431983, vstest.console.dll, MulticastDelegateUtilities.SafeInvoke: TestRun.LogMessages: Invoking callback 1/1 for Microsoft.VisualStudio.TestPlatform.CommandLine.TestRunResultAggregator., took 0 ms.
TpTrace Verbose: 0 : 3376, 4, 2024/03/13, 23:21:27.448, 6984766432271, vstest.console.dll, MulticastDelegateUtilities.SafeInvoke: InternalTestLoggerEvents.SendTestRunMessage: Invoking callback 1/1 for Microsoft.VisualStudio.TestPlatform.CommandLine.Internal.ConsoleLogger., took 0 ms.
TpTrace Information: 0 : 3376, 7, 2024/03/13, 23:21:27.448, 6984766432521, vstest.console.dll, TestRunRequest:SendTestRunMessage: Completed.
TpTrace Verbose: 0 : 3376, 7, 2024/03/13, 23:21:27.448, 6984766434254, vstest.console.dll, MulticastDelegateUtilities.SafeInvoke: LengthPrefixCommunicationChannel: MessageReceived: Invoking callback 1/1 for Microsoft.VisualStudio.TestPlatform.CommunicationUtilities.TestRequestSender+<>c__DisplayClass34_0., took 0 ms.
TpTrace Verbose: 0 : 3376, 7, 2024/03/13, 23:21:27.448, 6984766434979, vstest.console.dll, TcpClientExtensions.MessageLoopAsync: Polling on remoteEndPoint: 127.0.0.1:57035 localEndPoint: 127.0.0.1:57034 after 168 ms
TpTrace Verbose: 0 : 3376, 7, 2024/03/13, 23:21:27.475, 6984766708538, vstest.console.dll, TcpClientExtensions.MessageLoopAsync: NotifyDataAvailable remoteEndPoint: 127.0.0.1:57035 localEndPoint: 127.0.0.1:57034
TpTrace Verbose: 0 : 3376, 7, 2024/03/13, 23:21:27.476, 6984766711135, vstest.console.dll, TestRequestSender.OnExecutionMessageReceived: Received message: {"Version":7,"MessageType":"TestSession.Message","Payload":{"MessageLevel":0,"Message":"Running all tests in D:\\Visual Studio Projects\\BE Test Automation March 2024\\08.03.24 Exercise API Testing with Csharp\\RestSharpExercise\\TestGitHubApi\\bin\\Debug\\net6.0\\fine-code-coverage\\build-output\\TestGitHubApi.dll"}}
TpTrace Verbose: 0 : 3376, 7, 2024/03/13, 23:21:27.476, 6984766712813, vstest.console.dll, TestRunRequest:SendTestRunMessage: Starting.
TpTrace Verbose: 0 : 3376, 7, 2024/03/13, 23:21:27.476, 6984766713684, vstest.console.dll, MulticastDelegateUtilities.SafeInvoke: TestRun.LogMessages: Invoking callback 1/1 for Microsoft.VisualStudio.TestPlatform.CommandLine.TestRunResultAggregator., took 0 ms.
TpTrace Information: 0 : 3376, 7, 2024/03/13, 23:21:27.476, 6984766714071, vstest.console.dll, TestRunRequest:SendTestRunMessage: Completed.
TpTrace Verbose: 0 : 3376, 4, 2024/03/13, 23:21:27.476, 6984766714020, vstest.console.dll, MulticastDelegateUtilities.SafeInvoke: InternalTestLoggerEvents.SendTestRunMessage: Invoking callback 1/1 for Microsoft.VisualStudio.TestPlatform.CommandLine.Internal.ConsoleLogger., took 0 ms.
TpTrace Verbose: 0 : 3376, 7, 2024/03/13, 23:21:27.476, 6984766714489, vstest.console.dll, MulticastDelegateUtilities.SafeInvoke: LengthPrefixCommunicationChannel: MessageReceived: Invoking callback 1/1 for Microsoft.VisualStudio.TestPlatform.CommunicationUtilities.TestRequestSender+<>c__DisplayClass34_0., took 0 ms.
TpTrace Verbose: 0 : 3376, 7, 2024/03/13, 23:21:27.476, 6984766716197, vstest.console.dll, TcpClientExtensions.MessageLoopAsync: Polling on remoteEndPoint: 127.0.0.1:57035 localEndPoint: 127.0.0.1:57034 after 28 ms
TpTrace Verbose: 0 : 3376, 7, 2024/03/13, 23:21:27.935, 6984771308322, vstest.console.dll, TcpClientExtensions.MessageLoopAsync: NotifyDataAvailable remoteEndPoint: 127.0.0.1:57035 localEndPoint: 127.0.0.1:57034
TpTrace Verbose: 0 : 3376, 7, 2024/03/13, 23:21:27.936, 6984771311169, vstest.console.dll, TestRequestSender.OnExecutionMessageReceived: Received message: {"Version":7,"MessageType":"TestSession.Message","Payload":{"MessageLevel":0,"Message":"   NUnit3TestExecutor discovered 9 of 9 NUnit test cases using Current Discovery mode, Non-Explicit run"}}
TpTrace Verbose: 0 : 3376, 7, 2024/03/13, 23:21:27.936, 6984771313356, vstest.console.dll, TestRunRequest:SendTestRunMessage: Starting.
TpTrace Verbose: 0 : 3376, 7, 2024/03/13, 23:21:27.936, 6984771314354, vstest.console.dll, MulticastDelegateUtilities.SafeInvoke: TestRun.LogMessages: Invoking callback 1/1 for Microsoft.VisualStudio.TestPlatform.CommandLine.TestRunResultAggregator., took 0 ms.
TpTrace Information: 0 : 3376, 7, 2024/03/13, 23:21:27.936, 6984771315119, vstest.console.dll, TestRunRequest:SendTestRunMessage: Completed.
TpTrace Verbose: 0 : 3376, 4, 2024/03/13, 23:21:27.936, 6984771315448, vstest.console.dll, MulticastDelegateUtilities.SafeInvoke: InternalTestLoggerEvents.SendTestRunMessage: Invoking callback 1/1 for Microsoft.VisualStudio.TestPlatform.CommandLine.Internal.ConsoleLogger., took 0 ms.
TpTrace Verbose: 0 : 3376, 7, 2024/03/13, 23:21:27.936, 6984771315605, vstest.console.dll, MulticastDelegateUtilities.SafeInvoke: LengthPrefixCommunicationChannel: MessageReceived: Invoking callback 1/1 for Microsoft.VisualStudio.TestPlatform.CommunicationUtilities.TestRequestSender+<>c__DisplayClass34_0., took 0 ms.
TpTrace Verbose: 0 : 3376, 7, 2024/03/13, 23:21:27.936, 6984771317369, vstest.console.dll, TcpClientExtensions.MessageLoopAsync: Polling on remoteEndPoint: 127.0.0.1:57035 localEndPoint: 127.0.0.1:57034 after 460 ms
TpTrace Verbose: 0 : 3376, 7, 2024/03/13, 23:21:28.898, 6984780928793, vstest.console.dll, TcpClientExtensions.MessageLoopAsync: NotifyDataAvailable remoteEndPoint: 127.0.0.1:57035 localEndPoint: 127.0.0.1:57034
TpTrace Verbose: 0 : 3376, 7, 2024/03/13, 23:21:28.898, 6984780931499, vstest.console.dll, TestRequestSender.OnExecutionMessageReceived: Received message: {"Version":7,"MessageType":"TestExecution.StatsChange","Payload":{"NewTestResults":[],"TestRunStatistics":{"ExecutedTests":0,"Stats":{}},"ActiveTests":[{"Id":"ad0ee1ca-f1d8-3e4c-9a49-7e5b44071485","FullyQualifiedName":"TestGitHubApi.TestGitHubApi.Test_GetAllIssuesFromARepo","DisplayName":"Test_GetAllIssuesFromARepo","ExecutorUri":"executor://NUnit3TestExecutor","Source":"D:\\Visual Studio Projects\\BE Test Automation March 2024\\08.03.24 Exercise API Testing with Csharp\\RestSharpExercise\\TestGitHubApi\\bin\\Debug\\net6.0\\fine-code-coverage\\build-output\\TestGitHubApi.dll","CodeFilePath":null,"LineNumber":0,"Properties":[{"Key":{"Id":"NUnit.Seed","Label":"Seed","Category":"","Description":"","Attributes":0,"ValueType":"System.String"},"Value":"940726967"}]}]}}
TpTrace Verbose: 0 : 3376, 7, 2024/03/13, 23:21:28.913, 6984781086410, vstest.console.dll, TestRunRequest:SendTestRunStatsChange: Starting.
TpTrace Verbose: 0 : 3376, 7, 2024/03/13, 23:21:28.913, 6984781088435, vstest.console.dll, InProgress is Test_GetAllIssuesFromARepo
TpTrace Verbose: 0 : 3376, 7, 2024/03/13, 23:21:28.914, 6984781089530, vstest.console.dll, MulticastDelegateUtilities.SafeInvoke: TestRun.RunStatsChanged: Invoking callbacks was skipped because there are no subscribers.
TpTrace Information: 0 : 3376, 7, 2024/03/13, 23:21:28.914, 6984781090144, vstest.console.dll, TestRunRequest:SendTestRunStatsChange: Completed.
TpTrace Verbose: 0 : 3376, 7, 2024/03/13, 23:21:28.914, 6984781090696, vstest.console.dll, MulticastDelegateUtilities.SafeInvoke: LengthPrefixCommunicationChannel: MessageReceived: Invoking callback 1/1 for Microsoft.VisualStudio.TestPlatform.CommunicationUtilities.TestRequestSender+<>c__DisplayClass34_0., took 15 ms.
TpTrace Verbose: 0 : 3376, 7, 2024/03/13, 23:21:28.914, 6984781091299, vstest.console.dll, TcpClientExtensions.MessageLoopAsync: Polling on remoteEndPoint: 127.0.0.1:57035 localEndPoint: 127.0.0.1:57034 after 977 ms
TpTrace Verbose: 0 : 3376, 7, 2024/03/13, 23:21:29.923, 6984791185091, vstest.console.dll, TcpClientExtensions.MessageLoopAsync: Polling on remoteEndPoint: 127.0.0.1:57035 localEndPoint: 127.0.0.1:57034 after 1009 ms
TpTrace Verbose: 0 : 3376, 7, 2024/03/13, 23:21:30.434, 6984796292528, vstest.console.dll, TcpClientExtensions.MessageLoopAsync: NotifyDataAvailable remoteEndPoint: 127.0.0.1:57035 localEndPoint: 127.0.0.1:57034
TpTrace Verbose: 0 : 3376, 7, 2024/03/13, 23:21:30.434, 6984796297959, vstest.console.dll, TestRequestSender.OnExecutionMessageReceived: Received message: {"Version":7,"MessageType":"TestExecution.StatsChange","Payload":{"NewTestResults":[{"TestCase":{"Id":"ad0ee1ca-f1d8-3e4c-9a49-7e5b44071485","FullyQualifiedName":"TestGitHubApi.TestGitHubApi.Test_GetAllIssuesFromARepo","DisplayName":"Test_GetAllIssuesFromARepo","ExecutorUri":"executor://NUnit3TestExecutor","Source":"D:\\Visual Studio Projects\\BE Test Automation March 2024\\08.03.24 Exercise API Testing with Csharp\\RestSharpExercise\\TestGitHubApi\\bin\\Debug\\net6.0\\fine-code-coverage\\build-output\\TestGitHubApi.dll","CodeFilePath":null,"LineNumber":0,"Properties":[{"Key":{"Id":"NUnit.Seed","Label":"Seed","Category":"","Description":"","Attributes":0,"ValueType":"System.String"},"Value":"940726967"}]},"Attachments":[],"Outcome":1,"ErrorMessage":null,"ErrorStackTrace":null,"DisplayName":"Test_GetAllIssuesFromARepo","Messages":[],"ComputerName":"LAPTOP-5AA2ROI9","Duration":"00:00:01.5069680","StartTime":"2024-03-13T21:21:27.9645808+00:00","EndTime":"2024-03-13T21:21:29.4714782+00:00","Properties":[{"Key":{"Id":"NUnit.Seed","Label":"Seed","Category":"","Description":"","Attributes":0,"ValueType":"System.String"},"Value":"940726967"}]},{"TestCase":{"Id":"52f4ea97-c28b-3ae4-5d25-e2f64d5064f4","FullyQualifiedName":"TestGitHubApi.TestGitHubApi.Test_GetIssueByValidNumber","DisplayName":"Test_GetIssueByValidNumber","ExecutorUri":"executor://NUnit3TestExecutor","Source":"D:\\Visual Studio Projects\\BE Test Automation March 2024\\08.03.24 Exercise API Testing with Csharp\\RestSharpExercise\\TestGitHubApi\\bin\\Debug\\net6.0\\fine-code-coverage\\build-output\\TestGitHubApi.dll","CodeFilePath":null,"LineNumber":0,"Properties":[{"Key":{"Id":"NUnit.Seed","Label":"Seed","Category":"","Description":"","Attributes":0,"ValueType":"System.String"},"Value":"621755994"}]},"Attachments":[],"Outcome":1,"ErrorMessage":null,"ErrorStackTrace":null,"DisplayName":"Test_GetIssueByValidNumber","Messages":[],"ComputerName":"LAPTOP-5AA2ROI9","Duration":"00:00:00.8505860","StartTime":"2024-03-13T21:21:29.4728486+00:00","EndTime":"2024-03-13T21:21:30.3234337+00:00","Properties":[{"Key":{"Id":"NUnit.Seed","Label":"Seed","Category":"","Description":"","Attributes":0,"ValueType":"System.String"},"Value":"621755994"}]}],"TestRunStatistics":{"ExecutedTests":2,"Stats":{"Passed":2}},"ActiveTests":[{"Id":"8d3912ce-81a1-e4ee-19e5-78e1f97f9559","FullyQualifiedName":"TestGitHubApi.TestGitHubApi.Test_GetAllLabelsForIssue","DisplayName":"Test_GetAllLabelsForIssue","ExecutorUri":"executor://NUnit3TestExecutor","Source":"D:\\Visual Studio Projects\\BE Test Automation March 2024\\08.03.24 Exercise API Testing with Csharp\\RestSharpExercise\\TestGitHubApi\\bin\\Debug\\net6.0\\fine-code-coverage\\build-output\\TestGitHubApi.dll","CodeFilePath":null,"LineNumber":0,"Properties":[{"Key":{"Id":"NUnit.Seed","Label":"Seed","Category":"","Description":"","Attributes":0,"ValueType":"System.String"},"Value":"1431315001"}]}]}}
TpTrace Verbose: 0 : 3376, 7, 2024/03/13, 23:21:30.447, 6984796422377, vstest.console.dll, TestRunRequest:SendTestRunStatsChange: Starting.
TpTrace Verbose: 0 : 3376, 7, 2024/03/13, 23:21:30.447, 6984796424315, vstest.console.dll, InProgress is Test_GetAllLabelsForIssue
TpTrace Verbose: 0 : 3376, 7, 2024/03/13, 23:21:30.447, 6984796426679, vstest.console.dll, MulticastDelegateUtilities.SafeInvoke: TestRun.RunStatsChanged: Invoking callbacks was skipped because there are no subscribers.
TpTrace Information: 0 : 3376, 7, 2024/03/13, 23:21:30.447, 6984796427536, vstest.console.dll, TestRunRequest:SendTestRunStatsChange: Completed.
TpTrace Verbose: 0 : 3376, 7, 2024/03/13, 23:21:30.447, 6984796428328, vstest.console.dll, MulticastDelegateUtilities.SafeInvoke: LengthPrefixCommunicationChannel: MessageReceived: Invoking callback 1/1 for Microsoft.VisualStudio.TestPlatform.CommunicationUtilities.TestRequestSender+<>c__DisplayClass34_0., took 13 ms.
TpTrace Verbose: 0 : 3376, 7, 2024/03/13, 23:21:30.448, 6984796429201, vstest.console.dll, TcpClientExtensions.MessageLoopAsync: Polling on remoteEndPoint: 127.0.0.1:57035 localEndPoint: 127.0.0.1:57034 after 523 ms
TpTrace Verbose: 0 : 3376, 4, 2024/03/13, 23:21:30.450, 6984796453725, vstest.console.dll, MulticastDelegateUtilities.SafeInvoke: InternalTestLoggerEvents.SendTestResult: Invoking callback 1/1 for Microsoft.VisualStudio.TestPlatform.CommandLine.Internal.ConsoleLogger., took 2 ms.
TpTrace Verbose: 0 : 3376, 4, 2024/03/13, 23:21:30.450, 6984796458109, vstest.console.dll, MulticastDelegateUtilities.SafeInvoke: InternalTestLoggerEvents.SendTestResult: Invoking callback 1/1 for Microsoft.VisualStudio.TestPlatform.CommandLine.Internal.ConsoleLogger., took 0 ms.
TpTrace Verbose: 0 : 3376, 7, 2024/03/13, 23:21:31.242, 6984804377214, vstest.console.dll, TcpClientExtensions.MessageLoopAsync: NotifyDataAvailable remoteEndPoint: 127.0.0.1:57035 localEndPoint: 127.0.0.1:57034
TpTrace Verbose: 0 : 3376, 7, 2024/03/13, 23:21:31.243, 6984804380102, vstest.console.dll, TestRequestSender.OnExecutionMessageReceived: Received message: {"Version":7,"MessageType":"TestSession.Message","Payload":{"MessageLevel":1,"Message":"Label: 479839735 - Name: bug\r\nLabel: 479839737 - Name: enhancement\r\nLabel: 479891966 - Name: sofia\r\n"}}
TpTrace Verbose: 0 : 3376, 7, 2024/03/13, 23:21:31.243, 6984804382394, vstest.console.dll, TestRunRequest:SendTestRunMessage: Starting.
TpTrace Verbose: 0 : 3376, 7, 2024/03/13, 23:21:31.243, 6984804384173, vstest.console.dll, MulticastDelegateUtilities.SafeInvoke: TestRun.LogMessages: Invoking callback 1/1 for Microsoft.VisualStudio.TestPlatform.CommandLine.TestRunResultAggregator., took 0 ms.
TpTrace Information: 0 : 3376, 7, 2024/03/13, 23:21:31.243, 6984804385106, vstest.console.dll, TestRunRequest:SendTestRunMessage: Completed.
TpTrace Verbose: 0 : 3376, 7, 2024/03/13, 23:21:31.243, 6984804385858, vstest.console.dll, MulticastDelegateUtilities.SafeInvoke: LengthPrefixCommunicationChannel: MessageReceived: Invoking callback 1/1 for Microsoft.VisualStudio.TestPlatform.CommunicationUtilities.TestRequestSender+<>c__DisplayClass34_0., took 0 ms.
TpTrace Verbose: 0 : 3376, 4, 2024/03/13, 23:21:31.243, 6984804386487, vstest.console.dll, MulticastDelegateUtilities.SafeInvoke: InternalTestLoggerEvents.SendTestRunMessage: Invoking callback 1/1 for Microsoft.VisualStudio.TestPlatform.CommandLine.Internal.ConsoleLogger., took 0 ms.
TpTrace Verbose: 0 : 3376, 7, 2024/03/13, 23:21:31.243, 6984804386674, vstest.console.dll, TcpClientExtensions.MessageLoopAsync: Polling on remoteEndPoint: 127.0.0.1:57035 localEndPoint: 127.0.0.1:57034 after 795 ms
TpTrace Verbose: 0 : 3376, 7, 2024/03/13, 23:21:31.941, 6984811367751, vstest.console.dll, TcpClientExtensions.MessageLoopAsync: NotifyDataAvailable remoteEndPoint: 127.0.0.1:57035 localEndPoint: 127.0.0.1:57034
TpTrace Verbose: 0 : 3376, 7, 2024/03/13, 23:21:31.942, 6984811369894, vstest.console.dll, TestRequestSender.OnExecutionMessageReceived: Received message: {"Version":7,"MessageType":"TestExecution.StatsChange","Payload":{"NewTestResults":[{"TestCase":{"Id":"8d3912ce-81a1-e4ee-19e5-78e1f97f9559","FullyQualifiedName":"TestGitHubApi.TestGitHubApi.Test_GetAllLabelsForIssue","DisplayName":"Test_GetAllLabelsForIssue","ExecutorUri":"executor://NUnit3TestExecutor","Source":"D:\\Visual Studio Projects\\BE Test Automation March 2024\\08.03.24 Exercise API Testing with Csharp\\RestSharpExercise\\TestGitHubApi\\bin\\Debug\\net6.0\\fine-code-coverage\\build-output\\TestGitHubApi.dll","CodeFilePath":null,"LineNumber":0,"Properties":[{"Key":{"Id":"NUnit.Seed","Label":"Seed","Category":"","Description":"","Attributes":0,"ValueType":"System.String"},"Value":"1431315001"}]},"Attachments":[],"Outcome":1,"ErrorMessage":null,"ErrorStackTrace":null,"DisplayName":"Test_GetAllLabelsForIssue","Messages":[{"Category":"StdOutMsgs","Text":"Label: 479839735 - Name: bug\r\nLabel: 479839737 - Name: enhancement\r\nLabel: 479891966 - Name: sofia\r\n"}],"ComputerName":"LAPTOP-5AA2ROI9","Duration":"00:00:00.8915860","StartTime":"2024-03-13T21:21:30.3234953+00:00","EndTime":"2024-03-13T21:21:31.2150812+00:00","Properties":[{"Key":{"Id":"NUnit.Seed","Label":"Seed","Category":"","Description":"","Attributes":0,"ValueType":"System.String"},"Value":"1431315001"}]}],"TestRunStatistics":{"ExecutedTests":3,"Stats":{"Passed":3}},"ActiveTests":[{"Id":"514e4e9f-ae63-d219-cf76-ede45df8627b","FullyQualifiedName":"TestGitHubApi.TestGitHubApi.Test_GetAllCommentsForIssue","DisplayName":"Test_GetAllCommentsForIssue","ExecutorUri":"executor://NUnit3TestExecutor","Source":"D:\\Visual Studio Projects\\BE Test Automation March 2024\\08.03.24 Exercise API Testing with Csharp\\RestSharpExercise\\TestGitHubApi\\bin\\Debug\\net6.0\\fine-code-coverage\\build-output\\TestGitHubApi.dll","CodeFilePath":null,"LineNumber":0,"Properties":[{"Key":{"Id":"NUnit.Seed","Label":"Seed","Category":"","Description":"","Attributes":0,"ValueType":"System.String"},"Value":"138092283"}]}]}}
TpTrace Verbose: 0 : 3376, 7, 2024/03/13, 23:21:31.943, 6984811385572, vstest.console.dll, TestRunRequest:SendTestRunStatsChange: Starting.
TpTrace Verbose: 0 : 3376, 7, 2024/03/13, 23:21:31.943, 6984811386547, vstest.console.dll, InProgress is Test_GetAllCommentsForIssue
TpTrace Verbose: 0 : 3376, 7, 2024/03/13, 23:21:31.943, 6984811387622, vstest.console.dll, MulticastDelegateUtilities.SafeInvoke: TestRun.RunStatsChanged: Invoking callbacks was skipped because there are no subscribers.
TpTrace Information: 0 : 3376, 7, 2024/03/13, 23:21:31.943, 6984811388023, vstest.console.dll, TestRunRequest:SendTestRunStatsChange: Completed.
TpTrace Verbose: 0 : 3376, 7, 2024/03/13, 23:21:31.943, 6984811388387, vstest.console.dll, MulticastDelegateUtilities.SafeInvoke: LengthPrefixCommunicationChannel: MessageReceived: Invoking callback 1/1 for Microsoft.VisualStudio.TestPlatform.CommunicationUtilities.TestRequestSender+<>c__DisplayClass34_0., took 1 ms.
TpTrace Verbose: 0 : 3376, 4, 2024/03/13, 23:21:31.943, 6984811388471, vstest.console.dll, MulticastDelegateUtilities.SafeInvoke: InternalTestLoggerEvents.SendTestResult: Invoking callback 1/1 for Microsoft.VisualStudio.TestPlatform.CommandLine.Internal.ConsoleLogger., took 0 ms.
TpTrace Verbose: 0 : 3376, 7, 2024/03/13, 23:21:31.944, 6984811388807, vstest.console.dll, TcpClientExtensions.MessageLoopAsync: Polling on remoteEndPoint: 127.0.0.1:57035 localEndPoint: 127.0.0.1:57034 after 700 ms
TpTrace Verbose: 0 : 3376, 7, 2024/03/13, 23:21:32.128, 6984813233010, vstest.console.dll, TcpClientExtensions.MessageLoopAsync: NotifyDataAvailable remoteEndPoint: 127.0.0.1:57035 localEndPoint: 127.0.0.1:57034
TpTrace Verbose: 0 : 3376, 7, 2024/03/13, 23:21:32.128, 6984813236204, vstest.console.dll, TestRequestSender.OnExecutionMessageReceived: Received message: {"Version":7,"MessageType":"TestSession.Message","Payload":{"MessageLevel":1,"Message":"Comment: 762538948 - Body: Comment\r\nComment: 762539678 - Body: Another comment\r\nComment: 762541033 - Body: Comment\r\nComment: 762542633 - Body: Comment\r\nComment: 762542659 - Body: Comment\r\nComment: 762771502 - Body: This is a comment\r\nComment: 762826438 - Body: This is a comment\r\nComment: 762831046 - Body: This is a comment\r\nComment: 762834509 - Body: This is a comment\r\nComment: 762834572 - Body: This is a comment\r\nComment: 762834681 - Body: This is a comment\r\nComment: 762851947 - Body: This is a comment\r\nComment: 762855076 - Body: This is a comment\r\nComment: 762855212 - Body: This is a comment\r\nComment: 762858230 - Body: This is a comment\r\nComment: 762969661 - Body: This is a comment\r\nComment: 763826853 - Body: This is a comment\r\nComment: 764454129 - Body: This is comment added with request in Postman.\r\nComment: 764465117 - Body: body of the comment\r\nComment: 764469205 - Body: body of the comment\r\nComment: 764608921 - Body: This is a comment\r\nComment: 764618965 - Body: This is ca new comment\r\nComment: 765247583 - Body: New comment\r\nComment: 765248397 - Body: comment body\r\nComment: 765249123 - Body: comment body\r\nComment: 765249891 - Body: comment body\r\nComment: 765439146 - Body: This is a new comment\r\nComment: 765441528 - Body: This is a new comment\r\nComment: 765442110 - Body: This is a new comment\r\nComment: 765442896 - Body: This is a new comment\r\n"}}
TpTrace Verbose: 0 : 3376, 7, 2024/03/13, 23:21:32.129, 6984813238675, vstest.console.dll, TestRunRequest:SendTestRunMessage: Starting.
TpTrace Verbose: 0 : 3376, 7, 2024/03/13, 23:21:32.129, 6984813240158, vstest.console.dll, MulticastDelegateUtilities.SafeInvoke: TestRun.LogMessages: Invoking callback 1/1 for Microsoft.VisualStudio.TestPlatform.CommandLine.TestRunResultAggregator., took 0 ms.
TpTrace Information: 0 : 3376, 7, 2024/03/13, 23:21:32.129, 6984813240870, vstest.console.dll, TestRunRequest:SendTestRunMessage: Completed.
TpTrace Verbose: 0 : 3376, 4, 2024/03/13, 23:21:32.129, 6984813241540, vstest.console.dll, MulticastDelegateUtilities.SafeInvoke: InternalTestLoggerEvents.SendTestRunMessage: Invoking callback 1/1 for Microsoft.VisualStudio.TestPlatform.CommandLine.Internal.ConsoleLogger., took 0 ms.
TpTrace Verbose: 0 : 3376, 7, 2024/03/13, 23:21:32.129, 6984813242034, vstest.console.dll, MulticastDelegateUtilities.SafeInvoke: LengthPrefixCommunicationChannel: MessageReceived: Invoking callback 1/1 for Microsoft.VisualStudio.TestPlatform.CommunicationUtilities.TestRequestSender+<>c__DisplayClass34_0., took 0 ms.
TpTrace Verbose: 0 : 3376, 7, 2024/03/13, 23:21:32.129, 6984813243891, vstest.console.dll, TcpClientExtensions.MessageLoopAsync: Polling on remoteEndPoint: 127.0.0.1:57035 localEndPoint: 127.0.0.1:57034 after 185 ms
TpTrace Verbose: 0 : 3376, 7, 2024/03/13, 23:21:33.139, 6984823346620, vstest.console.dll, TcpClientExtensions.MessageLoopAsync: Polling on remoteEndPoint: 127.0.0.1:57035 localEndPoint: 127.0.0.1:57034 after 1010 ms
TpTrace Verbose: 0 : 3376, 7, 2024/03/13, 23:21:33.149, 6984823439562, vstest.console.dll, TcpClientExtensions.MessageLoopAsync: NotifyDataAvailable remoteEndPoint: 127.0.0.1:57035 localEndPoint: 127.0.0.1:57034
TpTrace Verbose: 0 : 3376, 7, 2024/03/13, 23:21:33.149, 6984823442114, vstest.console.dll, TestRequestSender.OnExecutionMessageReceived: Received message: {"Version":7,"MessageType":"TestSession.Message","Payload":{"MessageLevel":1,"Message":"6536\r\n"}}
TpTrace Verbose: 0 : 3376, 7, 2024/03/13, 23:21:33.149, 6984823444229, vstest.console.dll, TestRunRequest:SendTestRunMessage: Starting.
TpTrace Verbose: 0 : 3376, 7, 2024/03/13, 23:21:33.149, 6984823445192, vstest.console.dll, MulticastDelegateUtilities.SafeInvoke: TestRun.LogMessages: Invoking callback 1/1 for Microsoft.VisualStudio.TestPlatform.CommandLine.TestRunResultAggregator., took 0 ms.
TpTrace Information: 0 : 3376, 7, 2024/03/13, 23:21:33.149, 6984823445763, vstest.console.dll, TestRunRequest:SendTestRunMessage: Completed.
TpTrace Verbose: 0 : 3376, 4, 2024/03/13, 23:21:33.149, 6984823446265, vstest.console.dll, MulticastDelegateUtilities.SafeInvoke: InternalTestLoggerEvents.SendTestRunMessage: Invoking callback 1/1 for Microsoft.VisualStudio.TestPlatform.CommandLine.Internal.ConsoleLogger., took 0 ms.
TpTrace Verbose: 0 : 3376, 7, 2024/03/13, 23:21:33.149, 6984823446338, vstest.console.dll, MulticastDelegateUtilities.SafeInvoke: LengthPrefixCommunicationChannel: MessageReceived: Invoking callback 1/1 for Microsoft.VisualStudio.TestPlatform.CommunicationUtilities.TestRequestSender+<>c__DisplayClass34_0., took 0 ms.
TpTrace Verbose: 0 : 3376, 7, 2024/03/13, 23:21:33.149, 6984823448128, vstest.console.dll, TcpClientExtensions.MessageLoopAsync: Polling on remoteEndPoint: 127.0.0.1:57035 localEndPoint: 127.0.0.1:57034 after 10 ms
TpTrace Verbose: 0 : 3376, 7, 2024/03/13, 23:21:33.452, 6984826470146, vstest.console.dll, TcpClientExtensions.MessageLoopAsync: NotifyDataAvailable remoteEndPoint: 127.0.0.1:57035 localEndPoint: 127.0.0.1:57034
TpTrace Verbose: 0 : 3376, 7, 2024/03/13, 23:21:33.452, 6984826473812, vstest.console.dll, TestRequestSender.OnExecutionMessageReceived: Received message: {"Version":7,"MessageType":"TestExecution.StatsChange","Payload":{"NewTestResults":[{"TestCase":{"Id":"514e4e9f-ae63-d219-cf76-ede45df8627b","FullyQualifiedName":"TestGitHubApi.TestGitHubApi.Test_GetAllCommentsForIssue","DisplayName":"Test_GetAllCommentsForIssue","ExecutorUri":"executor://NUnit3TestExecutor","Source":"D:\\Visual Studio Projects\\BE Test Automation March 2024\\08.03.24 Exercise API Testing with Csharp\\RestSharpExercise\\TestGitHubApi\\bin\\Debug\\net6.0\\fine-code-coverage\\build-output\\TestGitHubApi.dll","CodeFilePath":null,"LineNumber":0,"Properties":[{"Key":{"Id":"NUnit.Seed","Label":"Seed","Category":"","Description":"","Attributes":0,"ValueType":"System.String"},"Value":"138092283"}]},"Attachments":[],"Outcome":1,"ErrorMessage":null,"ErrorStackTrace":null,"DisplayName":"Test_GetAllCommentsForIssue","Messages":[{"Category":"StdOutMsgs","Text":"Comment: 762538948 - Body: Comment\r\nComment: 762539678 - Body: Another comment\r\nComment: 762541033 - Body: Comment\r\nComment: 762542633 - Body: Comment\r\nComment: 762542659 - Body: Comment\r\nComment: 762771502 - Body: This is a comment\r\nComment: 762826438 - Body: This is a comment\r\nComment: 762831046 - Body: This is a comment\r\nComment: 762834509 - Body: This is a comment\r\nComment: 762834572 - Body: This is a comment\r\nComment: 762834681 - Body: This is a comment\r\nComment: 762851947 - Body: This is a comment\r\nComment: 762855076 - Body: This is a comment\r\nComment: 762855212 - Body: This is a comment\r\nComment: 762858230 - Body: This is a comment\r\nComment: 762969661 - Body: This is a comment\r\nComment: 763826853 - Body: This is a comment\r\nComment: 764454129 - Body: This is comment added with request in Postman.\r\nComment: 764465117 - Body: body of the comment\r\nComment: 764469205 - Body: body of the comment\r\nComment: 764608921 - Body: This is a comment\r\nComment: 764618965 - Body: This is ca new comment\r\nComment: 765247583 - Body: New comment\r\nComment: 765248397 - Body: comment body\r\nComment: 765249123 - Body: comment body\r\nComment: 765249891 - Body: comment body\r\nComment: 765439146 - Body: This is a new comment\r\nComment: 765441528 - Body: This is a new comment\r\nComment: 765442110 - Body: This is a new comment\r\nComment: 765442896 - Body: This is a new comment\r\n"}],"ComputerName":"LAPTOP-5AA2ROI9","Duration":"00:00:00.9124230","StartTime":"2024-03-13T21:21:31.2151454+00:00","EndTime":"2024-03-13T21:21:32.1275684+00:00","Properties":[{"Key":{"Id":"NUnit.Seed","Label":"Seed","Category":"","Description":"","Attributes":0,"ValueType":"System.String"},"Value":"138092283"}]},{"TestCase":{"Id":"1e28e6d2-0768-a909-90d7-d89d27a53ba4","FullyQualifiedName":"TestGitHubApi.TestGitHubApi.Test_CreateGitHubIssue","DisplayName":"Test_CreateGitHubIssue","ExecutorUri":"executor://NUnit3TestExecutor","Source":"D:\\Visual Studio Projects\\BE Test Automation March 2024\\08.03.24 Exercise API Testing with Csharp\\RestSharpExercise\\TestGitHubApi\\bin\\Debug\\net6.0\\fine-code-coverage\\build-output\\TestGitHubApi.dll","CodeFilePath":null,"LineNumber":0,"Properties":[{"Key":{"Id":"NUnit.Seed","Label":"Seed","Category":"","Description":"","Attributes":0,"ValueType":"System.String"},"Value":"206221940"}]},"Attachments":[],"Outcome":1,"ErrorMessage":null,"ErrorStackTrace":null,"DisplayName":"Test_CreateGitHubIssue","Messages":[{"Category":"StdOutMsgs","Text":"6536\r\n"}],"ComputerName":"LAPTOP-5AA2ROI9","Duration":"00:00:01.0209480","StartTime":"2024-03-13T21:21:32.1276055+00:00","EndTime":"2024-03-13T21:21:33.1485534+00:00","Properties":[{"Key":{"Id":"NUnit.Seed","Label":"Seed","Category":"","Description":"","Attributes":0,"ValueType":"System.String"},"Value":"206221940"}]}],"TestRunStatistics":{"ExecutedTests":5,"Stats":{"Passed":5}},"ActiveTests":[{"Id":"9b973e98-df50-10a9-9952-35a3e72323af","FullyQualifiedName":"TestGitHubApi.TestGitHubApi.Test_CreateCommentOnGitHubIssue","DisplayName":"Test_CreateCommentOnGitHubIssue","ExecutorUri":"executor://NUnit3TestExecutor","Source":"D:\\Visual Studio Projects\\BE Test Automation March 2024\\08.03.24 Exercise API Testing with Csharp\\RestSharpExercise\\TestGitHubApi\\bin\\Debug\\net6.0\\fine-code-coverage\\build-output\\TestGitHubApi.dll","CodeFilePath":null,"LineNumber":0,"Properties":[{"Key":{"Id":"NUnit.Seed","Label":"Seed","Category":"","Description":"","Attributes":0,"ValueType":"System.String"},"Value":"1780632748"}]}]}}
TpTrace Verbose: 0 : 3376, 7, 2024/03/13, 23:21:33.453, 6984826482253, vstest.console.dll, TestRunRequest:SendTestRunStatsChange: Starting.
TpTrace Verbose: 0 : 3376, 7, 2024/03/13, 23:21:33.453, 6984826483279, vstest.console.dll, InProgress is Test_CreateCommentOnGitHubIssue
TpTrace Verbose: 0 : 3376, 7, 2024/03/13, 23:21:33.453, 6984826484320, vstest.console.dll, MulticastDelegateUtilities.SafeInvoke: TestRun.RunStatsChanged: Invoking callbacks was skipped because there are no subscribers.
TpTrace Information: 0 : 3376, 7, 2024/03/13, 23:21:33.453, 6984826484857, vstest.console.dll, TestRunRequest:SendTestRunStatsChange: Completed.
TpTrace Verbose: 0 : 3376, 7, 2024/03/13, 23:21:33.453, 6984826485393, vstest.console.dll, MulticastDelegateUtilities.SafeInvoke: LengthPrefixCommunicationChannel: MessageReceived: Invoking callback 1/1 for Microsoft.VisualStudio.TestPlatform.CommunicationUtilities.TestRequestSender+<>c__DisplayClass34_0., took 1 ms.
TpTrace Verbose: 0 : 3376, 4, 2024/03/13, 23:21:33.454, 6984826488563, vstest.console.dll, MulticastDelegateUtilities.SafeInvoke: InternalTestLoggerEvents.SendTestResult: Invoking callback 1/1 for Microsoft.VisualStudio.TestPlatform.CommandLine.Internal.ConsoleLogger., took 0 ms.
TpTrace Verbose: 0 : 3376, 7, 2024/03/13, 23:21:33.454, 6984826488733, vstest.console.dll, TcpClientExtensions.MessageLoopAsync: Polling on remoteEndPoint: 127.0.0.1:57035 localEndPoint: 127.0.0.1:57034 after 303 ms
TpTrace Verbose: 0 : 3376, 4, 2024/03/13, 23:21:33.454, 6984826489843, vstest.console.dll, MulticastDelegateUtilities.SafeInvoke: InternalTestLoggerEvents.SendTestResult: Invoking callback 1/1 for Microsoft.VisualStudio.TestPlatform.CommandLine.Internal.ConsoleLogger., took 0 ms.
TpTrace Verbose: 0 : 3376, 7, 2024/03/13, 23:21:34.273, 6984834684229, vstest.console.dll, TcpClientExtensions.MessageLoopAsync: NotifyDataAvailable remoteEndPoint: 127.0.0.1:57035 localEndPoint: 127.0.0.1:57034
TpTrace Verbose: 0 : 3376, 7, 2024/03/13, 23:21:34.274, 6984834691896, vstest.console.dll, TestRequestSender.OnExecutionMessageReceived: Received message: {"Version":7,"MessageType":"TestSession.Message","Payload":{"MessageLevel":1,"Message":"1995866727\r\n"}}
TpTrace Verbose: 0 : 3376, 7, 2024/03/13, 23:21:34.274, 6984834697663, vstest.console.dll, TestRunRequest:SendTestRunMessage: Starting.
TpTrace Verbose: 0 : 3376, 7, 2024/03/13, 23:21:34.275, 6984834701573, vstest.console.dll, MulticastDelegateUtilities.SafeInvoke: TestRun.LogMessages: Invoking callback 1/1 for Microsoft.VisualStudio.TestPlatform.CommandLine.TestRunResultAggregator., took 0 ms.
TpTrace Information: 0 : 3376, 7, 2024/03/13, 23:21:34.275, 6984834703218, vstest.console.dll, TestRunRequest:SendTestRunMessage: Completed.
TpTrace Verbose: 0 : 3376, 7, 2024/03/13, 23:21:34.275, 6984834705177, vstest.console.dll, MulticastDelegateUtilities.SafeInvoke: LengthPrefixCommunicationChannel: MessageReceived: Invoking callback 1/1 for Microsoft.VisualStudio.TestPlatform.CommunicationUtilities.TestRequestSender+<>c__DisplayClass34_0., took 1 ms.
TpTrace Verbose: 0 : 3376, 7, 2024/03/13, 23:21:34.275, 6984834707698, vstest.console.dll, TcpClientExtensions.MessageLoopAsync: Polling on remoteEndPoint: 127.0.0.1:57035 localEndPoint: 127.0.0.1:57034 after 821 ms
TpTrace Verbose: 0 : 3376, 4, 2024/03/13, 23:21:34.275, 6984834705903, vstest.console.dll, MulticastDelegateUtilities.SafeInvoke: InternalTestLoggerEvents.SendTestRunMessage: Invoking callback 1/1 for Microsoft.VisualStudio.TestPlatform.CommandLine.Internal.ConsoleLogger., took 0 ms.
TpTrace Verbose: 0 : 3376, 7, 2024/03/13, 23:21:34.971, 6984841659247, vstest.console.dll, TcpClientExtensions.MessageLoopAsync: NotifyDataAvailable remoteEndPoint: 127.0.0.1:57035 localEndPoint: 127.0.0.1:57034
TpTrace Verbose: 0 : 3376, 7, 2024/03/13, 23:21:34.971, 6984841663464, vstest.console.dll, TestRequestSender.OnExecutionMessageReceived: Received message: {"Version":7,"MessageType":"TestExecution.StatsChange","Payload":{"NewTestResults":[{"TestCase":{"Id":"9b973e98-df50-10a9-9952-35a3e72323af","FullyQualifiedName":"TestGitHubApi.TestGitHubApi.Test_CreateCommentOnGitHubIssue","DisplayName":"Test_CreateCommentOnGitHubIssue","ExecutorUri":"executor://NUnit3TestExecutor","Source":"D:\\Visual Studio Projects\\BE Test Automation March 2024\\08.03.24 Exercise API Testing with Csharp\\RestSharpExercise\\TestGitHubApi\\bin\\Debug\\net6.0\\fine-code-coverage\\build-output\\TestGitHubApi.dll","CodeFilePath":null,"LineNumber":0,"Properties":[{"Key":{"Id":"NUnit.Seed","Label":"Seed","Category":"","Description":"","Attributes":0,"ValueType":"System.String"},"Value":"1780632748"}]},"Attachments":[],"Outcome":1,"ErrorMessage":null,"ErrorStackTrace":null,"DisplayName":"Test_CreateCommentOnGitHubIssue","Messages":[{"Category":"StdOutMsgs","Text":"1995866727\r\n"}],"ComputerName":"LAPTOP-5AA2ROI9","Duration":"00:00:01.1227870","StartTime":"2024-03-13T21:21:33.1485888+00:00","EndTime":"2024-03-13T21:21:34.2713748+00:00","Properties":[{"Key":{"Id":"NUnit.Seed","Label":"Seed","Category":"","Description":"","Attributes":0,"ValueType":"System.String"},"Value":"1780632748"}]}],"TestRunStatistics":{"ExecutedTests":6,"Stats":{"Passed":6}},"ActiveTests":[{"Id":"ba8422e4-816b-be3d-39c2-90f78f8a2e73","FullyQualifiedName":"TestGitHubApi.TestGitHubApi.Test_GetCommentById","DisplayName":"Test_GetCommentById","ExecutorUri":"executor://NUnit3TestExecutor","Source":"D:\\Visual Studio Projects\\BE Test Automation March 2024\\08.03.24 Exercise API Testing with Csharp\\RestSharpExercise\\TestGitHubApi\\bin\\Debug\\net6.0\\fine-code-coverage\\build-output\\TestGitHubApi.dll","CodeFilePath":null,"LineNumber":0,"Properties":[{"Key":{"Id":"NUnit.Seed","Label":"Seed","Category":"","Description":"","Attributes":0,"ValueType":"System.String"},"Value":"2052223608"}]}]}}
TpTrace Verbose: 0 : 3376, 7, 2024/03/13, 23:21:34.972, 6984841670450, vstest.console.dll, TestRunRequest:SendTestRunStatsChange: Starting.
TpTrace Verbose: 0 : 3376, 7, 2024/03/13, 23:21:34.972, 6984841671548, vstest.console.dll, InProgress is Test_GetCommentById
TpTrace Verbose: 0 : 3376, 7, 2024/03/13, 23:21:34.972, 6984841672334, vstest.console.dll, MulticastDelegateUtilities.SafeInvoke: TestRun.RunStatsChanged: Invoking callbacks was skipped because there are no subscribers.
TpTrace Information: 0 : 3376, 7, 2024/03/13, 23:21:34.972, 6984841672843, vstest.console.dll, TestRunRequest:SendTestRunStatsChange: Completed.
TpTrace Verbose: 0 : 3376, 7, 2024/03/13, 23:21:34.972, 6984841673230, vstest.console.dll, MulticastDelegateUtilities.SafeInvoke: LengthPrefixCommunicationChannel: MessageReceived: Invoking callback 1/1 for Microsoft.VisualStudio.TestPlatform.CommunicationUtilities.TestRequestSender+<>c__DisplayClass34_0., took 1 ms.
TpTrace Verbose: 0 : 3376, 4, 2024/03/13, 23:21:34.972, 6984841673424, vstest.console.dll, MulticastDelegateUtilities.SafeInvoke: InternalTestLoggerEvents.SendTestResult: Invoking callback 1/1 for Microsoft.VisualStudio.TestPlatform.CommandLine.Internal.ConsoleLogger., took 0 ms.
TpTrace Verbose: 0 : 3376, 7, 2024/03/13, 23:21:34.972, 6984841673658, vstest.console.dll, TcpClientExtensions.MessageLoopAsync: Polling on remoteEndPoint: 127.0.0.1:57035 localEndPoint: 127.0.0.1:57034 after 696 ms
TpTrace Verbose: 0 : 3376, 7, 2024/03/13, 23:21:35.140, 6984843353859, vstest.console.dll, TcpClientExtensions.MessageLoopAsync: NotifyDataAvailable remoteEndPoint: 127.0.0.1:57035 localEndPoint: 127.0.0.1:57034
TpTrace Verbose: 0 : 3376, 7, 2024/03/13, 23:21:35.141, 6984843360698, vstest.console.dll, TestRequestSender.OnExecutionMessageReceived: Received message: {"Version":7,"MessageType":"TestSession.Message","Payload":{"MessageLevel":1,"Message":"Body of the new Comment\r\n"}}
TpTrace Verbose: 0 : 3376, 7, 2024/03/13, 23:21:35.141, 6984843365878, vstest.console.dll, TestRunRequest:SendTestRunMessage: Starting.
TpTrace Verbose: 0 : 3376, 7, 2024/03/13, 23:21:35.143, 6984843379190, vstest.console.dll, MulticastDelegateUtilities.SafeInvoke: TestRun.LogMessages: Invoking callback 1/1 for Microsoft.VisualStudio.TestPlatform.CommandLine.TestRunResultAggregator., took 0 ms.
TpTrace Verbose: 0 : 3376, 4, 2024/03/13, 23:21:35.143, 6984843379469, vstest.console.dll, MulticastDelegateUtilities.SafeInvoke: InternalTestLoggerEvents.SendTestRunMessage: Invoking callback 1/1 for Microsoft.VisualStudio.TestPlatform.CommandLine.Internal.ConsoleLogger., took 0 ms.
TpTrace Information: 0 : 3376, 7, 2024/03/13, 23:21:35.143, 6984843383622, vstest.console.dll, TestRunRequest:SendTestRunMessage: Completed.
TpTrace Verbose: 0 : 3376, 7, 2024/03/13, 23:21:35.144, 6984843389892, vstest.console.dll, MulticastDelegateUtilities.SafeInvoke: LengthPrefixCommunicationChannel: MessageReceived: Invoking callback 1/1 for Microsoft.VisualStudio.TestPlatform.CommunicationUtilities.TestRequestSender+<>c__DisplayClass34_0., took 2 ms.
TpTrace Verbose: 0 : 3376, 7, 2024/03/13, 23:21:35.144, 6984843392546, vstest.console.dll, TcpClientExtensions.MessageLoopAsync: Polling on remoteEndPoint: 127.0.0.1:57035 localEndPoint: 127.0.0.1:57034 after 171 ms
TpTrace Verbose: 0 : 3376, 7, 2024/03/13, 23:21:36.145, 6984853406146, vstest.console.dll, TcpClientExtensions.MessageLoopAsync: Polling on remoteEndPoint: 127.0.0.1:57035 localEndPoint: 127.0.0.1:57034 after 1001 ms
TpTrace Verbose: 0 : 3376, 7, 2024/03/13, 23:21:36.479, 6984856738586, vstest.console.dll, TcpClientExtensions.MessageLoopAsync: NotifyDataAvailable remoteEndPoint: 127.0.0.1:57035 localEndPoint: 127.0.0.1:57034
TpTrace Verbose: 0 : 3376, 7, 2024/03/13, 23:21:36.479, 6984856741044, vstest.console.dll, TestRequestSender.OnExecutionMessageReceived: Received message: {"Version":7,"MessageType":"TestExecution.StatsChange","Payload":{"NewTestResults":[{"TestCase":{"Id":"ba8422e4-816b-be3d-39c2-90f78f8a2e73","FullyQualifiedName":"TestGitHubApi.TestGitHubApi.Test_GetCommentById","DisplayName":"Test_GetCommentById","ExecutorUri":"executor://NUnit3TestExecutor","Source":"D:\\Visual Studio Projects\\BE Test Automation March 2024\\08.03.24 Exercise API Testing with Csharp\\RestSharpExercise\\TestGitHubApi\\bin\\Debug\\net6.0\\fine-code-coverage\\build-output\\TestGitHubApi.dll","CodeFilePath":null,"LineNumber":0,"Properties":[{"Key":{"Id":"NUnit.Seed","Label":"Seed","Category":"","Description":"","Attributes":0,"ValueType":"System.String"},"Value":"2052223608"}]},"Attachments":[],"Outcome":1,"ErrorMessage":null,"ErrorStackTrace":null,"DisplayName":"Test_GetCommentById","Messages":[{"Category":"StdOutMsgs","Text":"Body of the new Comment\r\n"}],"ComputerName":"LAPTOP-5AA2ROI9","Duration":"00:00:00.8672030","StartTime":"2024-03-13T21:21:34.2714904+00:00","EndTime":"2024-03-13T21:21:35.1386928+00:00","Properties":[{"Key":{"Id":"NUnit.Seed","Label":"Seed","Category":"","Description":"","Attributes":0,"ValueType":"System.String"},"Value":"2052223608"}]},{"TestCase":{"Id":"d6a3635e-d2fe-bc45-05a7-09c31e8c048b","FullyQualifiedName":"TestGitHubApi.TestGitHubApi.Test_EditCommentOnGitHubIssue","DisplayName":"Test_EditCommentOnGitHubIssue","ExecutorUri":"executor://NUnit3TestExecutor","Source":"D:\\Visual Studio Projects\\BE Test Automation March 2024\\08.03.24 Exercise API Testing with Csharp\\RestSharpExercise\\TestGitHubApi\\bin\\Debug\\net6.0\\fine-code-coverage\\build-output\\TestGitHubApi.dll","CodeFilePath":null,"LineNumber":0,"Properties":[{"Key":{"Id":"NUnit.Seed","Label":"Seed","Category":"","Description":"","Attributes":0,"ValueType":"System.String"},"Value":"1697892525"}]},"Attachments":[],"Outcome":1,"ErrorMessage":null,"ErrorStackTrace":null,"DisplayName":"Test_EditCommentOnGitHubIssue","Messages":[],"ComputerName":"LAPTOP-5AA2ROI9","Duration":"00:00:01.2734000","StartTime":"2024-03-13T21:21:35.1388013+00:00","EndTime":"2024-03-13T21:21:36.4122009+00:00","Properties":[{"Key":{"Id":"NUnit.Seed","Label":"Seed","Category":"","Description":"","Attributes":0,"ValueType":"System.String"},"Value":"1697892525"}]}],"TestRunStatistics":{"ExecutedTests":8,"Stats":{"Passed":8}},"ActiveTests":[{"Id":"07976bf7-9d79-a829-1c3c-ea26405746e5","FullyQualifiedName":"TestGitHubApi.TestGitHubApi.Test_DeleteCommentOnGitHubIssue","DisplayName":"Test_DeleteCommentOnGitHubIssue","ExecutorUri":"executor://NUnit3TestExecutor","Source":"D:\\Visual Studio Projects\\BE Test Automation March 2024\\08.03.24 Exercise API Testing with Csharp\\RestSharpExercise\\TestGitHubApi\\bin\\Debug\\net6.0\\fine-code-coverage\\build-output\\TestGitHubApi.dll","CodeFilePath":null,"LineNumber":0,"Properties":[{"Key":{"Id":"NUnit.Seed","Label":"Seed","Category":"","Description":"","Attributes":0,"ValueType":"System.String"},"Value":"1939977680"}]}]}}
TpTrace Verbose: 0 : 3376, 7, 2024/03/13, 23:21:36.479, 6984856746897, vstest.console.dll, TestRunRequest:SendTestRunStatsChange: Starting.
TpTrace Verbose: 0 : 3376, 7, 2024/03/13, 23:21:36.479, 6984856747609, vstest.console.dll, InProgress is Test_DeleteCommentOnGitHubIssue
TpTrace Verbose: 0 : 3376, 7, 2024/03/13, 23:21:36.479, 6984856748141, vstest.console.dll, MulticastDelegateUtilities.SafeInvoke: TestRun.RunStatsChanged: Invoking callbacks was skipped because there are no subscribers.
TpTrace Information: 0 : 3376, 7, 2024/03/13, 23:21:36.479, 6984856748439, vstest.console.dll, TestRunRequest:SendTestRunStatsChange: Completed.
TpTrace Verbose: 0 : 3376, 7, 2024/03/13, 23:21:36.480, 6984856748764, vstest.console.dll, MulticastDelegateUtilities.SafeInvoke: LengthPrefixCommunicationChannel: MessageReceived: Invoking callback 1/1 for Microsoft.VisualStudio.TestPlatform.CommunicationUtilities.TestRequestSender+<>c__DisplayClass34_0., took 0 ms.
TpTrace Verbose: 0 : 3376, 7, 2024/03/13, 23:21:36.480, 6984856749098, vstest.console.dll, TcpClientExtensions.MessageLoopAsync: Polling on remoteEndPoint: 127.0.0.1:57035 localEndPoint: 127.0.0.1:57034 after 334 ms
TpTrace Verbose: 0 : 3376, 4, 2024/03/13, 23:21:36.480, 6984856749197, vstest.console.dll, MulticastDelegateUtilities.SafeInvoke: InternalTestLoggerEvents.SendTestResult: Invoking callback 1/1 for Microsoft.VisualStudio.TestPlatform.CommandLine.Internal.ConsoleLogger., took 0 ms.
TpTrace Verbose: 0 : 3376, 4, 2024/03/13, 23:21:36.480, 6984856750199, vstest.console.dll, MulticastDelegateUtilities.SafeInvoke: InternalTestLoggerEvents.SendTestResult: Invoking callback 1/1 for Microsoft.VisualStudio.TestPlatform.CommandLine.Internal.ConsoleLogger., took 0 ms.
TpTrace Verbose: 0 : 3376, 7, 2024/03/13, 23:21:37.492, 6984866874628, vstest.console.dll, TcpClientExtensions.MessageLoopAsync: Polling on remoteEndPoint: 127.0.0.1:57035 localEndPoint: 127.0.0.1:57034 after 1012 ms
TpTrace Verbose: 0 : 3376, 7, 2024/03/13, 23:21:37.559, 6984867543302, vstest.console.dll, TcpClientExtensions.MessageLoopAsync: NotifyDataAvailable remoteEndPoint: 127.0.0.1:57035 localEndPoint: 127.0.0.1:57034
TpTrace Verbose: 0 : 3376, 7, 2024/03/13, 23:21:37.559, 6984867545406, vstest.console.dll, TestRequestSender.OnExecutionMessageReceived: Received message: {"Version":7,"MessageType":"TestSession.Message","Payload":{"MessageLevel":0,"Message":"NUnit Adapter 4.4.0.0: Test execution complete"}}
TpTrace Verbose: 0 : 3376, 7, 2024/03/13, 23:21:37.559, 6984867547187, vstest.console.dll, TestRunRequest:SendTestRunMessage: Starting.
TpTrace Verbose: 0 : 3376, 7, 2024/03/13, 23:21:37.559, 6984867548391, vstest.console.dll, MulticastDelegateUtilities.SafeInvoke: TestRun.LogMessages: Invoking callback 1/1 for Microsoft.VisualStudio.TestPlatform.CommandLine.TestRunResultAggregator., took 0 ms.
TpTrace Verbose: 0 : 3376, 4, 2024/03/13, 23:21:37.560, 6984867548478, vstest.console.dll, MulticastDelegateUtilities.SafeInvoke: InternalTestLoggerEvents.SendTestRunMessage: Invoking callback 1/1 for Microsoft.VisualStudio.TestPlatform.CommandLine.Internal.ConsoleLogger., took 0 ms.
TpTrace Information: 0 : 3376, 7, 2024/03/13, 23:21:37.560, 6984867549291, vstest.console.dll, TestRunRequest:SendTestRunMessage: Completed.
TpTrace Verbose: 0 : 3376, 7, 2024/03/13, 23:21:37.560, 6984867550934, vstest.console.dll, MulticastDelegateUtilities.SafeInvoke: LengthPrefixCommunicationChannel: MessageReceived: Invoking callback 1/1 for Microsoft.VisualStudio.TestPlatform.CommunicationUtilities.TestRequestSender+<>c__DisplayClass34_0., took 0 ms.
TpTrace Verbose: 0 : 3376, 7, 2024/03/13, 23:21:37.560, 6984867551488, vstest.console.dll, TcpClientExtensions.MessageLoopAsync: Polling on remoteEndPoint: 127.0.0.1:57035 localEndPoint: 127.0.0.1:57034 after 67 ms
TpTrace Verbose: 0 : 3376, 7, 2024/03/13, 23:21:37.590, 6984867855479, vstest.console.dll, TcpClientExtensions.MessageLoopAsync: NotifyDataAvailable remoteEndPoint: 127.0.0.1:57035 localEndPoint: 127.0.0.1:57034
TpTrace Verbose: 0 : 3376, 7, 2024/03/13, 23:21:37.590, 6984867857361, vstest.console.dll, TestRequestSender.OnExecutionMessageReceived: Received message: {"Version":7,"MessageType":"TestExecution.Completed","Payload":{"TestRunCompleteArgs":{"TestRunStatistics":{"ExecutedTests":9,"Stats":{"Passed":9}},"IsCanceled":false,"IsAborted":false,"Error":null,"AttachmentSets":[],"InvokedDataCollectors":[],"ElapsedTimeInRunningTests":"00:00:10.1422643","Metrics":{},"DiscoveredExtensions":{"TestDiscoverers":["NUnit.VisualStudio.TestAdapter.NUnit3TestDiscoverer, NUnit3.TestAdapter, Version=4.4.0.0, Culture=neutral, PublicKeyToken=4cb40d35494691ac"],"TestExecutors":["executor://NUnit3TestExecutor"],"TestExecutors2":[],"TestSettingsProviders":[]}},"LastRunTests":{"NewTestResults":[{"TestCase":{"Id":"07976bf7-9d79-a829-1c3c-ea26405746e5","FullyQualifiedName":"TestGitHubApi.TestGitHubApi.Test_DeleteCommentOnGitHubIssue","DisplayName":"Test_DeleteCommentOnGitHubIssue","ExecutorUri":"executor://NUnit3TestExecutor","Source":"D:\\Visual Studio Projects\\BE Test Automation March 2024\\08.03.24 Exercise API Testing with Csharp\\RestSharpExercise\\TestGitHubApi\\bin\\Debug\\net6.0\\fine-code-coverage\\build-output\\TestGitHubApi.dll","CodeFilePath":null,"LineNumber":0,"Properties":[{"Key":{"Id":"NUnit.Seed","Label":"Seed","Category":"","Description":"","Attributes":0,"ValueType":"System.String"},"Value":"1939977680"}]},"Attachments":[],"Outcome":1,"ErrorMessage":null,"ErrorStackTrace":null,"DisplayName":"Test_DeleteCommentOnGitHubIssue","Messages":[],"ComputerName":"LAPTOP-5AA2ROI9","Duration":"00:00:01.1353870","StartTime":"2024-03-13T21:21:36.4123179+00:00","EndTime":"2024-03-13T21:21:37.5477054+00:00","Properties":[{"Key":{"Id":"NUnit.Seed","Label":"Seed","Category":"","Description":"","Attributes":0,"ValueType":"System.String"},"Value":"1939977680"}]}],"TestRunStatistics":{"ExecutedTests":9,"Stats":{"Passed":9}},"ActiveTests":[]},"RunAttachments":[],"ExecutorUris":["executor://nunit3testexecutor/"]}}
TpTrace Verbose: 0 : 3376, 7, 2024/03/13, 23:21:37.591, 6984867858607, vstest.console.dll, TestRequestSender.EndSession: Sending end session.
TpTrace Verbose: 0 : 3376, 7, 2024/03/13, 23:21:37.591, 6984867861689, vstest.console.dll, ProxyOperationManager.Close: waiting for test host to exit for 100 ms
TpTrace Verbose: 0 : 3376, 12, 2024/03/13, 23:21:37.609, 6984868042732, vstest.console.dll, TestHostManagerCallbacks.ctor: Experimental forwarding output is disabled.
TpTrace Warning: 0 : 3376, 12, 2024/03/13, 23:21:37.609, 6984868044052, vstest.console.dll, TestHostManagerCallbacks.ErrorReceivedCallback Test host standard error line: 
TpTrace Verbose: 0 : 3376, 12, 2024/03/13, 23:21:37.622, 6984868176162, vstest.console.dll, TestHostProvider.ExitCallBack: Host exited starting callback.
TpTrace Information: 0 : 3376, 12, 2024/03/13, 23:21:37.623, 6984868178762, vstest.console.dll, TestHostManagerCallbacks.ExitCallBack: Testhost processId: 7780 exited with exitcode: 0 error: ''
TpTrace Verbose: 0 : 3376, 12, 2024/03/13, 23:21:37.623, 6984868179737, vstest.console.dll, DotnetTestHostManager.OnHostExited: invoking OnHostExited callback
TpTrace Verbose: 0 : 3376, 12, 2024/03/13, 23:21:37.623, 6984868180927, vstest.console.dll, CrossPlatEngine.TestHostManagerHostExited: calling on client process exit callback.
TpTrace Information: 0 : 3376, 12, 2024/03/13, 23:21:37.623, 6984868181829, vstest.console.dll, TestRequestSender.OnClientProcessExit: Test host process exited. Standard error: 
TpTrace Information: 0 : 3376, 7, 2024/03/13, 23:21:37.623, 6984868182120, vstest.console.dll, SocketServer.Stop: Stop server endPoint: 127.0.0.1:57034
TpTrace Information: 0 : 3376, 12, 2024/03/13, 23:21:37.623, 6984868183112, vstest.console.dll, SocketServer.Stop: Stop server endPoint: 127.0.0.1:57034
TpTrace Information: 0 : 3376, 7, 2024/03/13, 23:21:37.623, 6984868183919, vstest.console.dll, SocketServer.Stop: Cancellation requested. Stopping message loop.
TpTrace Information: 0 : 3376, 12, 2024/03/13, 23:21:37.623, 6984868184619, vstest.console.dll, SocketServer.Stop: Cancellation requested. Stopping message loop.
TpTrace Verbose: 0 : 3376, 12, 2024/03/13, 23:21:37.623, 6984868186305, vstest.console.dll, MulticastDelegateUtilities.SafeInvoke: HostProviderEvents.OnHostExited: Invoking callback 1/1 for Microsoft.VisualStudio.TestPlatform.CrossPlatEngine.Client.ProxyOperationManager., took 0 ms.
TpTrace Information: 0 : 3376, 7, 2024/03/13, 23:21:37.623, 6984868186581, vstest.console.dll, Closing the connection
TpTrace Verbose: 0 : 3376, 7, 2024/03/13, 23:21:37.624, 6984868190972, vstest.console.dll, ProxyDataCollectionManager.InvokeDataCollectionServiceAction: Starting.
TpTrace Information: 0 : 3376, 7, 2024/03/13, 23:21:37.624, 6984868192054, vstest.console.dll, ProxyDataCollectionManager.AfterTestRunEnd: Get attachment set and invoked data collectors processId: 15856 port: 57031
TpTrace Verbose: 0 : 3376, 7, 2024/03/13, 23:21:37.624, 6984868193366, vstest.console.dll, DataCollectionRequestSender.SendAfterTestRunStartAndGetResult: Send AfterTestRunEnd message with isCancelled: False
TpTrace Verbose: 0 : 3376, 7, 2024/03/13, 23:21:37.635, 6984868301364, vstest.console.dll, DataCollectionRequestSender.SendAfterTestRunStartAndGetResult: Received message: (DataCollection.AfterTestRunEndResult) -> {"MessageType":"DataCollection.AfterTestRunEndResult","Payload":{"AttachmentSets":[],"InvokedDataCollectors":[{"Uri":"datacollector://Microsoft/TestPlatform/Extensions/Blame/v1","FriendlyName":"Blame","AssemblyQualifiedName":"Microsoft.TestPlatform.Extensions.BlameDataCollector.BlameCollector, Microsoft.TestPlatform.Extensions.BlameDataCollector, Version=15.0.0.0, Culture=neutral, PublicKeyToken=b03f5f7f11d50a3a","FilePath":"C:\\Program Files\\dotnet\\sdk\\8.0.200\\Extensions\\Microsoft.TestPlatform.Extensions.BlameDataCollector.dll","HasAttachmentProcessor":false}],"Metrics":{}}}
TpTrace Warning: 0 : 3376, 10, 2024/03/13, 23:21:37.647, 6984868421114, vstest.console.dll, DataCollectionLauncher.ErrorReceivedCallback datacollector standard error line: 
TpTrace Information: 0 : 3376, 7, 2024/03/13, 23:21:37.648, 6984868432210, vstest.console.dll, ProxyDataCollectionManager.InvokeDataCollectionServiceAction: Completed.
TpTrace Information: 0 : 3376, 10, 2024/03/13, 23:21:37.655, 6984868506467, vstest.console.dll, DataCollectionLauncher.ExitCallBack: Data collector exited with exitcode: 0 error: ''
TpTrace Verbose: 0 : 3376, 7, 2024/03/13, 23:21:37.702, 6984868973491, vstest.console.dll, TestRunRequest:SendTestRunStatsChange: Starting.
TpTrace Verbose: 0 : 3376, 7, 2024/03/13, 23:21:37.702, 6984868977450, vstest.console.dll, MulticastDelegateUtilities.SafeInvoke: TestRun.RunStatsChanged: Invoking callbacks was skipped because there are no subscribers.
TpTrace Information: 0 : 3376, 7, 2024/03/13, 23:21:37.702, 6984868978454, vstest.console.dll, TestRunRequest:SendTestRunStatsChange: Completed.
TpTrace Verbose: 0 : 3376, 4, 2024/03/13, 23:21:37.703, 6984868979095, vstest.console.dll, MulticastDelegateUtilities.SafeInvoke: InternalTestLoggerEvents.SendTestResult: Invoking callback 1/1 for Microsoft.VisualStudio.TestPlatform.CommandLine.Internal.ConsoleLogger., took 0 ms.
TpTrace Verbose: 0 : 3376, 7, 2024/03/13, 23:21:37.703, 6984868985841, vstest.console.dll, ParallelProxyExecutionManager: HandlePartialRunComplete: Total workloads = 1, Total started clients = 1 Total completed clients = 1, Run complete = True, Run canceled: False.
TpTrace Verbose: 0 : 3376, 7, 2024/03/13, 23:21:37.703, 6984868987039, vstest.console.dll, ParallelProxyExecutionManager: HandlePartialRunComplete: All runs completed stopping all managers.
TpTrace Verbose: 0 : 3376, 7, 2024/03/13, 23:21:37.703, 6984868987659, vstest.console.dll, ParallelOperationManager.StopAllManagers: Stopping all managers.
TpTrace Verbose: 0 : 3376, 7, 2024/03/13, 23:21:37.703, 6984868988171, vstest.console.dll, ParallelOperationManager.ClearSlots: Clearing all slots. Slots should accept more work: False
TpTrace Verbose: 0 : 3376, 7, 2024/03/13, 23:21:37.704, 6984868989025, vstest.console.dll, ParallelOperationManager.SetOccupiedSlotCount: Setting slot counts AvailableSlotCount = 3, OccupiedSlotCount = 0.
TpTrace Verbose: 0 : 3376, 7, 2024/03/13, 23:21:37.704, 6984868989997, vstest.console.dll, Occupied slots:

TpTrace Verbose: 0 : 3376, 4, 2024/03/13, 23:21:37.712, 6984869074940, vstest.console.dll, MulticastDelegateUtilities.SafeInvoke: InternalTestLoggerEvents.SendTestRunComplete: Invoking callback 1/2 for Microsoft.TestPlatform.Extensions.BlameDataCollector.BlameLogger., took 0 ms.
TpTrace Verbose: 0 : 3376, 4, 2024/03/13, 23:21:37.718, 6984869133392, vstest.console.dll, MulticastDelegateUtilities.SafeInvoke: InternalTestLoggerEvents.SendTestRunComplete: Invoking callback 2/2 for Microsoft.VisualStudio.TestPlatform.CommandLine.Internal.ConsoleLogger., took 5 ms.
TpTrace Verbose: 0 : 3376, 7, 2024/03/13, 23:21:37.719, 6984869140416, vstest.console.dll, TestRunRequest:TestRunComplete: Starting. IsAborted:False IsCanceled:False.
TpTrace Verbose: 0 : 3376, 7, 2024/03/13, 23:21:37.719, 6984869143012, vstest.console.dll, ParallelOperationManager.DoActionOnAllManagers: Calling an action on all managers.
TpTrace Verbose: 0 : 3376, 7, 2024/03/13, 23:21:37.720, 6984869155328, vstest.console.dll, TestLoggerManager.HandleTestRunComplete: Ignoring as the object is disposed.
TpTrace Verbose: 0 : 3376, 7, 2024/03/13, 23:21:37.720, 6984869158241, vstest.console.dll, MulticastDelegateUtilities.SafeInvoke: TestRun.TestRunComplete: Invoking callback 1/2 for Microsoft.VisualStudio.TestPlatform.CommandLine.TestRunResultAggregator., took 0 ms.
TpTrace Verbose: 0 : 3376, 7, 2024/03/13, 23:21:37.721, 6984869159578, vstest.console.dll, MulticastDelegateUtilities.SafeInvoke: TestRun.TestRunComplete: Invoking callback 2/2 for Microsoft.VisualStudio.TestPlatform.CommandLine.Processors.RunTestsArgumentExecutor+TestRunRequestEventsRegistrar., took 0 ms.
TpTrace Information: 0 : 3376, 7, 2024/03/13, 23:21:37.721, 6984869160707, vstest.console.dll, TestRunRequest:TestRunComplete: Completed.
TpTrace Verbose: 0 : 3376, 1, 2024/03/13, 23:21:37.721, 6984869160935, vstest.console.dll, TestRunRequest.Dispose: Starting.
TpTrace Verbose: 0 : 3376, 7, 2024/03/13, 23:21:37.721, 6984869161771, vstest.console.dll, TestRequestSender.SetOperationComplete: Setting operation complete.
TpTrace Information: 0 : 3376, 1, 2024/03/13, 23:21:37.721, 6984869161816, vstest.console.dll, TestRunRequest.Dispose: Completed.
TpTrace Information: 0 : 3376, 7, 2024/03/13, 23:21:37.721, 6984869162381, vstest.console.dll, SocketServer.Stop: Stop server endPoint: 127.0.0.1:57034
TpTrace Information: 0 : 3376, 1, 2024/03/13, 23:21:37.721, 6984869163016, vstest.console.dll, TestRequestManager.RunTests: run tests completed.
TpTrace Information: 0 : 3376, 7, 2024/03/13, 23:21:37.721, 6984869163371, vstest.console.dll, SocketServer.Stop: Cancellation requested. Stopping message loop.
TpTrace Verbose: 0 : 3376, 7, 2024/03/13, 23:21:37.721, 6984869164370, vstest.console.dll, MulticastDelegateUtilities.SafeInvoke: LengthPrefixCommunicationChannel: MessageReceived: Invoking callback 1/1 for Microsoft.VisualStudio.TestPlatform.CommunicationUtilities.TestRequestSender+<>c__DisplayClass34_0., took 130 ms.
TpTrace Information: 0 : 3376, 1, 2024/03/13, 23:21:37.721, 6984869164383, vstest.console.dll, RunTestsArgumentProcessor:Execute: Test run is completed.
TpTrace Information: 0 : 3376, 7, 2024/03/13, 23:21:37.721, 6984869164900, vstest.console.dll, SocketServer.PrivateStop: Stopping server endPoint: 127.0.0.1:57034 error: 
TpTrace Verbose: 0 : 3376, 1, 2024/03/13, 23:21:37.722, 6984869169149, vstest.console.dll, Executor.Execute: Exiting with exit code of 0
TpTrace Verbose: 0 : 3376, 7, 2024/03/13, 23:21:37.722, 6984869171241, vstest.console.dll, LengthPrefixCommunicationChannel.Dispose: Dispose reader and writer.
TpTrace Information: 0 : 3376, 7, 2024/03/13, 23:21:37.722, 6984869172058, vstest.console.dll, SocketServer.Stop: Raise disconnected event endPoint: 127.0.0.1:57034 error: 
TpTrace Verbose: 0 : 3376, 7, 2024/03/13, 23:21:37.722, 6984869172862, vstest.console.dll, TestRequestSender: OnTestRunAbort: Operation is already complete. Skip error message.
TpTrace Verbose: 0 : 3376, 7, 2024/03/13, 23:21:37.722, 6984869173386, vstest.console.dll, MulticastDelegateUtilities.SafeInvoke: SocketServer: ClientDisconnected: Invoking callback 1/1 for Microsoft.VisualStudio.TestPlatform.CommunicationUtilities.TestRequestSender., took 0 ms.
